2025-06-13 18:18:28,449 - INFO - [Europe PMC] 取得開始
2025-06-13 18:18:28,449 - INFO - [Europe PMC] ページ 1 要求中... (cursor: *)
2025-06-13 18:18:35,893 - INFO - [Europe PMC] ヒット件数（このページ）: 1000
2025-06-13 18:18:35,893 - INFO - [Europe PMC] 現在までの累積抽出件数: 0
2025-06-13 18:18:36,395 - INFO - [Europe PMC] ページ 2 要求中... (cursor: AoIIQMHUiig1MjQ5MjYzMg==)
2025-06-13 18:18:44,306 - INFO - [Europe PMC] ヒット件数（このページ）: 1000
2025-06-13 18:18:44,306 - INFO - [Europe PMC] 現在までの累積抽出件数: 921
2025-06-13 18:18:44,808 - INFO - [Europe PMC] ページ 3 要求中... (cursor: AoIIQJt78Sg1MTc0NzU5NQ==)
2025-06-13 18:18:52,371 - INFO - [Europe PMC] ヒット件数（このページ）: 1000
2025-06-13 18:18:52,372 - INFO - [Europe PMC] 現在までの累積抽出件数: 1832
2025-06-13 18:18:52,873 - INFO - [Europe PMC] ページ 4 要求中... (cursor: AoIIQIS8sSg1MjkwODc0Nw==)
2025-06-13 18:19:00,838 - INFO - [Europe PMC] ヒット件数（このページ）: 1000
2025-06-13 18:19:00,838 - INFO - [Europe PMC] 現在までの累積抽出件数: 2757
2025-06-13 18:19:01,341 - INFO - [Europe PMC] ページ 5 要求中... (cursor: AoIIQGjT0Sg0NjQ4MjA3Nw==)
2025-06-13 18:19:09,186 - INFO - [Europe PMC] ヒット件数（このページ）: 1000
2025-06-13 18:19:09,186 - INFO - [Europe PMC] 現在までの累積抽出件数: 3654
2025-06-13 18:19:09,688 - INFO - [Europe PMC] ページ 6 要求中... (cursor: AoIIQFCa2yg0ODc4NDQxNg==)
2025-06-13 18:19:17,625 - INFO - [Europe PMC] ヒット件数（このページ）: 1000
2025-06-13 18:19:17,625 - INFO - [Europe PMC] 現在までの累積抽出件数: 4574
2025-06-13 18:19:18,127 - INFO - [Europe PMC] ページ 7 要求中... (cursor: AoIIQD8Xmig0ODQ3NTczOA==)
2025-06-13 18:19:26,260 - INFO - [Europe PMC] ヒット件数（このページ）: 1000
2025-06-13 18:19:26,260 - INFO - [Europe PMC] 現在までの累積抽出件数: 5479
2025-06-13 18:19:26,763 - INFO - [Europe PMC] ページ 8 要求中... (cursor: AoIIQDDqeSg0NDQxNDAwNQ==)
2025-06-13 18:19:34,556 - INFO - [Europe PMC] ヒット件数（このページ）: 1000
2025-06-13 18:19:34,557 - INFO - [Europe PMC] 現在までの累積抽出件数: 6403
2025-06-13 18:19:35,059 - INFO - [Europe PMC] ページ 9 要求中... (cursor: AoIIQCWs+yg1MDkwOTgwNg==)
2025-06-13 18:19:43,464 - INFO - [Europe PMC] ヒット件数（このページ）: 1000
2025-06-13 18:19:43,464 - INFO - [Europe PMC] 現在までの累積抽出件数: 7318
2025-06-13 18:19:43,966 - INFO - [Europe PMC] ページ 10 要求中... (cursor: AoIIQBvVsig0MzE5NjYzNg==)
2025-06-13 18:19:52,070 - INFO - [Europe PMC] ヒット件数（このページ）: 1000
2025-06-13 18:19:52,070 - INFO - [Europe PMC] 現在までの累積抽出件数: 8178
2025-06-13 18:19:52,603 - INFO - [Europe PMC] ページ 11 要求中... (cursor: AoIIQBPSHig0MzcxNzExMg==)
2025-06-13 18:20:01,126 - INFO - [Europe PMC] ヒット件数（このページ）: 1000
2025-06-13 18:20:01,126 - INFO - [Europe PMC] 現在までの累積抽出件数: 9055
2025-06-13 18:20:01,628 - INFO - [Europe PMC] ページ 12 要求中... (cursor: AoIIQAxbwCg0NTg0OTAwNw==)
2025-06-13 18:20:09,685 - INFO - [Europe PMC] ヒット件数（このページ）: 1000
2025-06-13 18:20:09,685 - INFO - [Europe PMC] 現在までの累積抽出件数: 9983
2025-06-13 18:20:10,187 - INFO - [Europe PMC] ページ 13 要求中... (cursor: AoIIQAW5tigzNjQ5Mjc1NQ==)
2025-06-13 18:20:18,618 - INFO - [Europe PMC] ヒット件数（このページ）: 1000
2025-06-13 18:20:18,618 - INFO - [Europe PMC] 現在までの累積抽出件数: 10885
2025-06-13 18:20:19,120 - INFO - [Europe PMC] ページ 14 要求中... (cursor: AoIIP//zxig0NzUwNzU3MQ==)
2025-06-13 18:20:28,912 - INFO - [Europe PMC] ヒット件数（このページ）: 1000
2025-06-13 18:20:28,912 - INFO - [Europe PMC] 現在までの累積抽出件数: 11789
2025-06-13 18:20:29,414 - INFO - [Europe PMC] ページ 15 要求中... (cursor: AoIIP/Wjeyg0MDUxODYwMA==)
2025-06-13 18:20:37,631 - INFO - [Europe PMC] ヒット件数（このページ）: 1000
2025-06-13 18:20:37,632 - INFO - [Europe PMC] 現在までの累積抽出件数: 12697
2025-06-13 18:20:38,133 - INFO - [Europe PMC] ページ 16 要求中... (cursor: AoIIP+uA8ig0ODcyNTgyNA==)
2025-06-13 18:20:46,376 - INFO - [Europe PMC] ヒット件数（このページ）: 1000
2025-06-13 18:20:46,377 - INFO - [Europe PMC] 現在までの累積抽出件数: 13606
2025-06-13 18:20:46,879 - INFO - [Europe PMC] ページ 17 要求中... (cursor: AoIIP+K5JCg0NjQ3NTMzNQ==)
2025-06-13 18:20:55,268 - INFO - [Europe PMC] ヒット件数（このページ）: 1000
2025-06-13 18:20:55,269 - INFO - [Europe PMC] 現在までの累積抽出件数: 14520
2025-06-13 18:20:55,771 - INFO - [Europe PMC] ページ 18 要求中... (cursor: AoIIP9o/gSg0Mzk5NzE3Mg==)
2025-06-13 18:21:03,857 - INFO - [Europe PMC] ヒット件数（このページ）: 1000
2025-06-13 18:21:03,857 - INFO - [Europe PMC] 現在までの累積抽出件数: 15429
2025-06-13 18:21:04,359 - INFO - [Europe PMC] ページ 19 要求中... (cursor: AoIIP9IzByg0OTExMDE0OA==)
2025-06-13 18:21:12,231 - INFO - [Europe PMC] ヒット件数（このページ）: 1000
2025-06-13 18:21:12,231 - INFO - [Europe PMC] 現在までの累積抽出件数: 16337
2025-06-13 18:21:12,733 - INFO - [Europe PMC] ページ 20 要求中... (cursor: AoIIP8qI/Sg0ODM2OTc4MQ==)
2025-06-13 18:21:21,247 - INFO - [Europe PMC] ヒット件数（このページ）: 1000
2025-06-13 18:21:21,248 - INFO - [Europe PMC] 現在までの累積抽出件数: 17245
2025-06-13 18:21:21,749 - INFO - [Europe PMC] ページ 21 要求中... (cursor: AoIIP8OYHig1Mjg5Mzc1OA==)
2025-06-13 18:21:30,046 - INFO - [Europe PMC] ヒット件数（このページ）: 1000
2025-06-13 18:21:30,047 - INFO - [Europe PMC] 現在までの累積抽出件数: 18160
2025-06-13 18:21:30,548 - INFO - [Europe PMC] ページ 22 要求中... (cursor: AoIIP71uKSgzODc1MjQxNA==)
2025-06-13 18:21:38,772 - INFO - [Europe PMC] ヒット件数（このページ）: 1000
2025-06-13 18:21:38,772 - INFO - [Europe PMC] 現在までの累積抽出件数: 19081
2025-06-13 18:21:39,274 - INFO - [Europe PMC] ページ 23 要求中... (cursor: AoIIP7coVig0NjU2Mzc5MQ==)
2025-06-13 18:21:47,619 - INFO - [Europe PMC] ヒット件数（このページ）: 1000
2025-06-13 18:21:47,619 - INFO - [Europe PMC] 現在までの累積抽出件数: 19994
2025-06-13 18:21:48,121 - INFO - [Europe PMC] ページ 24 要求中... (cursor: AoIIP7GMeig0MTQzNzMxMg==)
2025-06-13 18:21:56,766 - INFO - [Europe PMC] ヒット件数（このページ）: 1000
2025-06-13 18:21:56,766 - INFO - [Europe PMC] 現在までの累積抽出件数: 20915
2025-06-13 18:21:57,269 - INFO - [Europe PMC] ページ 25 要求中... (cursor: AoIIP6v4NSg0MDIzOTI4NQ==)
2025-06-13 18:22:05,698 - INFO - [Europe PMC] ヒット件数（このページ）: 1000
2025-06-13 18:22:05,699 - INFO - [Europe PMC] 現在までの累積抽出件数: 21819
2025-06-13 18:22:06,200 - INFO - [Europe PMC] ページ 26 要求中... (cursor: AoIIP6aUmCg1MDYzMTcwNA==)
2025-06-13 18:22:14,278 - INFO - [Europe PMC] ヒット件数（このページ）: 1000
2025-06-13 18:22:14,278 - INFO - [Europe PMC] 現在までの累積抽出件数: 22720
2025-06-13 18:22:14,780 - INFO - [Europe PMC] ページ 27 要求中... (cursor: AoIIP6GDSig0ODY4OTA0Ng==)
2025-06-13 18:22:23,251 - INFO - [Europe PMC] ヒット件数（このページ）: 1000
2025-06-13 18:22:23,251 - INFO - [Europe PMC] 現在までの累積抽出件数: 23635
2025-06-13 18:22:23,753 - INFO - [Europe PMC] ページ 28 要求中... (cursor: AoIIP5zTAigzODE4NjEyNA==)
2025-06-13 18:22:31,947 - INFO - [Europe PMC] ヒット件数（このページ）: 1000
2025-06-13 18:22:31,947 - INFO - [Europe PMC] 現在までの累積抽出件数: 24534
2025-06-13 18:22:32,449 - INFO - [Europe PMC] ページ 29 要求中... (cursor: AoIIP5g27Cg0MDQ5NzAzNQ==)
2025-06-13 18:22:40,744 - INFO - [Europe PMC] ヒット件数（このページ）: 1000
2025-06-13 18:22:40,744 - INFO - [Europe PMC] 現在までの累積抽出件数: 25464
2025-06-13 18:22:41,246 - INFO - [Europe PMC] ページ 30 要求中... (cursor: AoIIP5N5big0NzE3ODQxMw==)
2025-06-13 18:22:49,601 - INFO - [Europe PMC] ヒット件数（このページ）: 1000
2025-06-13 18:22:49,601 - INFO - [Europe PMC] 現在までの累積抽出件数: 26378
2025-06-13 18:22:50,103 - INFO - [Europe PMC] ページ 31 要求中... (cursor: AoIIP47vUigzNTg3MzU1MQ==)
2025-06-13 18:22:58,593 - INFO - [Europe PMC] ヒット件数（このページ）: 1000
2025-06-13 18:22:58,594 - INFO - [Europe PMC] 現在までの累積抽出件数: 27291
2025-06-13 18:22:59,095 - INFO - [Europe PMC] ページ 32 要求中... (cursor: AoIIP4qAWig0NjkyNzU0OQ==)
2025-06-13 18:23:07,251 - INFO - [Europe PMC] ヒット件数（このページ）: 1000
2025-06-13 18:23:07,251 - INFO - [Europe PMC] 現在までの累積抽出件数: 28216
2025-06-13 18:23:07,753 - INFO - [Europe PMC] ページ 33 要求中... (cursor: AoIIP4ZW6CgzNzIxNjc1Mg==)
2025-06-13 18:23:15,822 - INFO - [Europe PMC] ヒット件数（このページ）: 1000
2025-06-13 18:23:15,822 - INFO - [Europe PMC] 現在までの累積抽出件数: 29138
2025-06-13 18:23:16,324 - INFO - [Europe PMC] ページ 34 要求中... (cursor: AoIIP4H1PSgzNDI5NDUzMw==)
2025-06-13 18:23:24,713 - INFO - [Europe PMC] ヒット件数（このページ）: 1000
2025-06-13 18:23:24,713 - INFO - [Europe PMC] 現在までの累積抽出件数: 30075
2025-06-13 18:23:25,215 - INFO - [Europe PMC] ページ 35 要求中... (cursor: AoIIP3v89CgzNDM1MTA4OA==)
2025-06-13 18:23:33,261 - INFO - [Europe PMC] ヒット件数（このページ）: 1000
2025-06-13 18:23:33,261 - INFO - [Europe PMC] 現在までの累積抽出件数: 30998
2025-06-13 18:23:33,763 - INFO - [Europe PMC] ページ 36 要求中... (cursor: AoIIP3ROxigzODgzNzczMQ==)
2025-06-13 18:23:42,009 - INFO - [Europe PMC] ヒット件数（このページ）: 1000
2025-06-13 18:23:42,009 - INFO - [Europe PMC] 現在までの累積抽出件数: 31930
2025-06-13 18:23:42,512 - INFO - [Europe PMC] ページ 37 要求中... (cursor: AoIIP20OVig0NTUwMTIyMA==)
2025-06-13 18:23:50,520 - INFO - [Europe PMC] ヒット件数（このページ）: 1000
2025-06-13 18:23:50,520 - INFO - [Europe PMC] 現在までの累積抽出件数: 32853
2025-06-13 18:23:51,022 - INFO - [Europe PMC] ページ 38 要求中... (cursor: AoIIP2XBqSg0NzQ4OTA0MA==)
2025-06-13 18:23:59,017 - INFO - [Europe PMC] ヒット件数（このページ）: 1000
2025-06-13 18:23:59,017 - INFO - [Europe PMC] 現在までの累積抽出件数: 33769
2025-06-13 18:23:59,519 - INFO - [Europe PMC] ページ 39 要求中... (cursor: AoIIP16QMig0MjQ0MzU5NQ==)
2025-06-13 18:24:08,489 - INFO - [Europe PMC] ヒット件数（このページ）: 1000
2025-06-13 18:24:08,489 - INFO - [Europe PMC] 現在までの累積抽出件数: 34688
2025-06-13 18:24:08,992 - INFO - [Europe PMC] ページ 40 要求中... (cursor: AoIIP1erUCgzNTcxMTY4OQ==)
2025-06-13 18:24:17,593 - INFO - [Europe PMC] ヒット件数（このページ）: 1000
2025-06-13 18:24:17,593 - INFO - [Europe PMC] 現在までの累積抽出件数: 35611
2025-06-13 18:24:18,095 - INFO - [Europe PMC] ページ 41 要求中... (cursor: AoIIP1C+tyg0MTM5MDA3Ng==)
2025-06-13 18:24:26,507 - INFO - [Europe PMC] ヒット件数（このページ）: 1000
2025-06-13 18:24:26,508 - INFO - [Europe PMC] 現在までの累積抽出件数: 36527
2025-06-13 18:24:27,010 - INFO - [Europe PMC] ページ 42 要求中... (cursor: AoIIP0pIYCg0MDM0NzUxOA==)
2025-06-13 18:24:35,411 - INFO - [Europe PMC] ヒット件数（このページ）: 1000
2025-06-13 18:24:35,411 - INFO - [Europe PMC] 現在までの累積抽出件数: 37432
2025-06-13 18:24:35,913 - INFO - [Europe PMC] ページ 43 要求中... (cursor: AoIIP0O2ECg0MzMwODc3MQ==)
2025-06-13 18:24:44,156 - INFO - [Europe PMC] ヒット件数（このページ）: 1000
2025-06-13 18:24:44,157 - INFO - [Europe PMC] 現在までの累積抽出件数: 38368
2025-06-13 18:24:44,659 - INFO - [Europe PMC] ページ 44 要求中... (cursor: AoIIPz2eMSg0MDEzNzk1MA==)
2025-06-13 18:24:53,071 - INFO - [Europe PMC] ヒット件数（このページ）: 1000
2025-06-13 18:24:53,072 - INFO - [Europe PMC] 現在までの累積抽出件数: 39290
2025-06-13 18:24:53,573 - INFO - [Europe PMC] ページ 45 要求中... (cursor: AoIIPzfcmCgzOTczNzIwOA==)
2025-06-13 18:25:02,441 - INFO - [Europe PMC] ヒット件数（このページ）: 1000
2025-06-13 18:25:02,441 - INFO - [Europe PMC] 現在までの累積抽出件数: 40196
2025-06-13 18:25:02,943 - INFO - [Europe PMC] ページ 46 要求中... (cursor: AoIIPzIvrCgzODc4NDQ2Mw==)
2025-06-13 18:25:11,185 - INFO - [Europe PMC] ヒット件数（このページ）: 1000
2025-06-13 18:25:11,185 - INFO - [Europe PMC] 現在までの累積抽出件数: 41115
2025-06-13 18:25:11,687 - INFO - [Europe PMC] ページ 47 要求中... (cursor: AoIIPyyT7Sg0MDgxMTgwNA==)
2025-06-13 18:25:20,432 - INFO - [Europe PMC] ヒット件数（このページ）: 1000
2025-06-13 18:25:20,432 - INFO - [Europe PMC] 現在までの累積抽出件数: 42028
2025-06-13 18:25:20,935 - INFO - [Europe PMC] ページ 48 要求中... (cursor: AoIIPydjJSg0MzUzOTU1Mg==)
2025-06-13 18:25:28,925 - INFO - [Europe PMC] ヒット件数（このページ）: 1000
2025-06-13 18:25:28,926 - INFO - [Europe PMC] 現在までの累積抽出件数: 42953
2025-06-13 18:25:29,428 - INFO - [Europe PMC] ページ 49 要求中... (cursor: AoIIPyH0Wyg0Mjc0OTg0NQ==)
2025-06-13 18:25:37,725 - INFO - [Europe PMC] ヒット件数（このページ）: 1000
2025-06-13 18:25:37,725 - INFO - [Europe PMC] 現在までの累積抽出件数: 43868
2025-06-13 18:25:38,227 - INFO - [Europe PMC] ページ 50 要求中... (cursor: AoIIPxy0Mig0NDE1NTM1MQ==)
2025-06-13 18:25:46,646 - INFO - [Europe PMC] ヒット件数（このページ）: 1000
2025-06-13 18:25:46,646 - INFO - [Europe PMC] 現在までの累積抽出件数: 44788
2025-06-13 18:25:47,148 - INFO - [Europe PMC] ページ 51 要求中... (cursor: AoIIPxfDRSg0NDQwMTY5NA==)
2025-06-13 18:25:55,528 - INFO - [Europe PMC] ヒット件数（このページ）: 1000
2025-06-13 18:25:55,529 - INFO - [Europe PMC] 現在までの累積抽出件数: 45720
2025-06-13 18:25:56,030 - INFO - [Europe PMC] ページ 52 要求中... (cursor: AoIIPxK3oCg0Mjk0MzUzOA==)
2025-06-13 18:26:04,840 - INFO - [Europe PMC] ヒット件数（このページ）: 1000
2025-06-13 18:26:04,840 - INFO - [Europe PMC] 現在までの累積抽出件数: 46625
2025-06-13 18:26:05,342 - INFO - [Europe PMC] ページ 53 要求中... (cursor: AoIIPw2r2yg0MDg4NjM0MA==)
2025-06-13 18:26:14,502 - INFO - [Europe PMC] ヒット件数（このページ）: 1000
2025-06-13 18:26:14,502 - INFO - [Europe PMC] 現在までの累積抽出件数: 47536
2025-06-13 18:26:15,004 - INFO - [Europe PMC] ページ 54 要求中... (cursor: AoIIPwjbWCg0MzEyNDY3NQ==)
2025-06-13 18:26:23,470 - INFO - [Europe PMC] ヒット件数（このページ）: 1000
2025-06-13 18:26:23,470 - INFO - [Europe PMC] 現在までの累積抽出件数: 48441
2025-06-13 18:26:23,972 - INFO - [Europe PMC] ページ 55 要求中... (cursor: AoIIPwPI/SgzODc5NDkzMQ==)
2025-06-13 18:26:33,984 - INFO - [Europe PMC] ヒット件数（このページ）: 1000
2025-06-13 18:26:33,984 - INFO - [Europe PMC] 現在までの累積抽出件数: 49357
2025-06-13 18:26:34,486 - INFO - [Europe PMC] ページ 56 要求中... (cursor: AoIIPv2L3igzMzU1MDc1Nw==)
2025-06-13 18:26:43,178 - INFO - [Europe PMC] ヒット件数（このページ）: 1000
2025-06-13 18:26:43,178 - INFO - [Europe PMC] 現在までの累積抽出件数: 50280
2025-06-13 18:26:43,680 - INFO - [Europe PMC] ページ 57 要求中... (cursor: AoIIPvMImyg0NDE4Njk1Mg==)
2025-06-13 18:26:52,552 - INFO - [Europe PMC] ヒット件数（このページ）: 1000
2025-06-13 18:26:52,552 - INFO - [Europe PMC] 現在までの累積抽出件数: 51214
2025-06-13 18:26:53,053 - INFO - [Europe PMC] ページ 58 要求中... (cursor: AoIIPufR8Sg0MzU3NTkxOA==)
2025-06-13 18:27:01,827 - INFO - [Europe PMC] ヒット件数（このページ）: 1000
2025-06-13 18:27:01,827 - INFO - [Europe PMC] 現在までの累積抽出件数: 52141
2025-06-13 18:27:02,330 - INFO - [Europe PMC] ページ 59 要求中... (cursor: AoIIPtv0ZCg0MjY5MDI4Mg==)
2025-06-13 18:27:11,013 - INFO - [Europe PMC] ヒット件数（このページ）: 1000
2025-06-13 18:27:11,013 - INFO - [Europe PMC] 現在までの累積抽出件数: 53084
2025-06-13 18:27:11,515 - INFO - [Europe PMC] ページ 60 要求中... (cursor: AoIIPs7BdygzNzI2MjkzMA==)
2025-06-13 18:27:20,263 - INFO - [Europe PMC] ヒット件数（このページ）: 1000
2025-06-13 18:27:20,263 - INFO - [Europe PMC] 現在までの累積抽出件数: 54033
2025-06-13 18:27:20,766 - INFO - [Europe PMC] ページ 61 要求中... (cursor: AoIIPsE1tigzODA4MTI5MA==)
2025-06-13 18:27:30,055 - INFO - [Europe PMC] ヒット件数（このページ）: 1000
2025-06-13 18:27:30,056 - INFO - [Europe PMC] 現在までの累積抽出件数: 54977
2025-06-13 18:27:30,558 - INFO - [Europe PMC] ページ 62 要求中... (cursor: AoIIPrJ48ig0MDA1NzYzMQ==)
2025-06-13 18:27:39,762 - INFO - [Europe PMC] ヒット件数（このページ）: 1000
2025-06-13 18:27:39,762 - INFO - [Europe PMC] 現在までの累積抽出件数: 55931
2025-06-13 18:27:40,263 - INFO - [Europe PMC] ページ 63 要求中... (cursor: AoIIPqIubyg0MjEzODAwNw==)
2025-06-13 18:27:49,333 - INFO - [Europe PMC] ヒット件数（このページ）: 1000
2025-06-13 18:27:49,333 - INFO - [Europe PMC] 現在までの累積抽出件数: 56883
2025-06-13 18:27:49,836 - INFO - [Europe PMC] ページ 64 要求中... (cursor: AoIIPo3X6CgzODEwNTA2Mg==)
2025-06-13 18:27:59,294 - INFO - [Europe PMC] ヒット件数（このページ）: 1000
2025-06-13 18:27:59,294 - INFO - [Europe PMC] 現在までの累積抽出件数: 57834
2025-06-13 18:27:59,797 - INFO - [Europe PMC] ページ 65 要求中... (cursor: AoIIPk/Vuig0MTQ5OTY1Mw==)
2025-06-13 18:28:05,489 - INFO - [Europe PMC] ヒット件数（このページ）: 318
2025-06-13 18:28:05,489 - INFO - [Europe PMC] 現在までの累積抽出件数: 58749
2025-06-13 18:28:05,990 - INFO - [Europe PMC] ページ 66 要求中... (cursor: AoIIPa1j5igzMzUzNjY1Mw==)
2025-06-13 18:28:07,041 - INFO - [Europe PMC] ヒット件数（このページ）: 0
2025-06-13 18:28:07,042 - INFO - [Europe PMC] 現在までの累積抽出件数: 58949
2025-06-13 18:28:07,042 - INFO - [Europe PMC] 取得完了（またはデータ枯渇）
2025-06-13 18:28:07,042 - INFO - [Europe PMC] 総取得件数: 58949
2025-06-13 18:28:08,694 - INFO - 📅 2015年01月 1期 (2015/01/01[PDAT] : 2015/01/15[PDAT])
2025-06-13 18:28:09,387 - INFO - 件数: 96
2025-06-13 18:28:09,388 - INFO - [PubMed] 1/96 件目から取得開始
2025-06-13 18:28:13,232 - INFO - [PubMed] 累積取得件数: 96
2025-06-13 18:28:13,232 - INFO - 📅 2015年01月 2期 (2015/01/16[PDAT] : 2015/01/31[PDAT])
2025-06-13 18:28:13,901 - INFO - 件数: 12
2025-06-13 18:28:13,901 - INFO - [PubMed] 1/12 件目から取得開始
2025-06-13 18:28:16,860 - INFO - [PubMed] 累積取得件数: 108
2025-06-13 18:28:16,860 - INFO - 📅 2015年02月 1期 (2015/02/01[PDAT] : 2015/02/15[PDAT])
2025-06-13 18:28:17,504 - INFO - 件数: 21
2025-06-13 18:28:17,504 - INFO - [PubMed] 1/21 件目から取得開始
2025-06-13 18:28:21,117 - INFO - [PubMed] 累積取得件数: 129
2025-06-13 18:28:21,118 - INFO - 📅 2015年02月 2期 (2015/02/16[PDAT] : 2015/02/28[PDAT])
2025-06-13 18:28:21,778 - INFO - 件数: 11
2025-06-13 18:28:21,778 - INFO - [PubMed] 1/11 件目から取得開始
2025-06-13 18:28:24,729 - INFO - [PubMed] 累積取得件数: 140
2025-06-13 18:28:24,730 - INFO - 📅 2015年03月 1期 (2015/03/01[PDAT] : 2015/03/15[PDAT])
2025-06-13 18:28:25,426 - INFO - 件数: 34
2025-06-13 18:28:25,426 - INFO - [PubMed] 1/34 件目から取得開始
2025-06-13 18:28:28,694 - INFO - [PubMed] 累積取得件数: 174
2025-06-13 18:28:28,694 - INFO - 📅 2015年03月 2期 (2015/03/16[PDAT] : 2015/03/31[PDAT])
2025-06-13 18:28:29,380 - INFO - 件数: 17
2025-06-13 18:28:29,380 - INFO - [PubMed] 1/17 件目から取得開始
2025-06-13 18:28:32,383 - INFO - [PubMed] 累積取得件数: 191
2025-06-13 18:28:32,383 - INFO - 📅 2015年04月 1期 (2015/04/01[PDAT] : 2015/04/15[PDAT])
2025-06-13 18:28:33,038 - INFO - 件数: 26
2025-06-13 18:28:33,038 - INFO - [PubMed] 1/26 件目から取得開始
2025-06-13 18:28:36,323 - INFO - [PubMed] 累積取得件数: 217
2025-06-13 18:28:36,323 - INFO - 📅 2015年04月 2期 (2015/04/16[PDAT] : 2015/04/30[PDAT])
2025-06-13 18:28:36,959 - INFO - 件数: 22
2025-06-13 18:28:36,959 - INFO - [PubMed] 1/22 件目から取得開始
2025-06-13 18:28:40,409 - INFO - [PubMed] 累積取得件数: 239
2025-06-13 18:28:40,409 - INFO - 📅 2015年05月 1期 (2015/05/01[PDAT] : 2015/05/15[PDAT])
2025-06-13 18:28:41,065 - INFO - 件数: 29
2025-06-13 18:28:41,066 - INFO - [PubMed] 1/29 件目から取得開始
2025-06-13 18:28:44,385 - INFO - [PubMed] 累積取得件数: 268
2025-06-13 18:28:44,385 - INFO - 📅 2015年05月 2期 (2015/05/16[PDAT] : 2015/05/31[PDAT])
2025-06-13 18:28:45,028 - INFO - 件数: 12
2025-06-13 18:28:45,028 - INFO - [PubMed] 1/12 件目から取得開始
2025-06-13 18:28:48,015 - INFO - [PubMed] 累積取得件数: 280
2025-06-13 18:28:48,016 - INFO - 📅 2015年06月 1期 (2015/06/01[PDAT] : 2015/06/15[PDAT])
2025-06-13 18:28:48,702 - INFO - 件数: 26
2025-06-13 18:28:48,702 - INFO - [PubMed] 1/26 件目から取得開始
2025-06-13 18:28:51,905 - INFO - [PubMed] 累積取得件数: 306
2025-06-13 18:28:51,905 - INFO - 📅 2015年06月 2期 (2015/06/16[PDAT] : 2015/06/30[PDAT])
2025-06-13 18:28:52,539 - INFO - 件数: 9
2025-06-13 18:28:52,539 - INFO - [PubMed] 1/9 件目から取得開始
2025-06-13 18:28:55,372 - INFO - [PubMed] 累積取得件数: 315
2025-06-13 18:28:55,372 - INFO - 📅 2015年07月 1期 (2015/07/01[PDAT] : 2015/07/15[PDAT])
2025-06-13 18:28:56,033 - INFO - 件数: 29
2025-06-13 18:28:56,034 - INFO - [PubMed] 1/29 件目から取得開始
2025-06-13 18:28:59,266 - INFO - [PubMed] 累積取得件数: 344
2025-06-13 18:28:59,266 - INFO - 📅 2015年07月 2期 (2015/07/16[PDAT] : 2015/07/31[PDAT])
2025-06-13 18:28:59,919 - INFO - 件数: 18
2025-06-13 18:28:59,919 - INFO - [PubMed] 1/18 件目から取得開始
2025-06-13 18:29:02,915 - INFO - [PubMed] 累積取得件数: 362
2025-06-13 18:29:02,916 - INFO - 📅 2015年08月 1期 (2015/08/01[PDAT] : 2015/08/15[PDAT])
2025-06-13 18:29:03,561 - INFO - 件数: 32
2025-06-13 18:29:03,561 - INFO - [PubMed] 1/32 件目から取得開始
2025-06-13 18:29:06,876 - INFO - [PubMed] 累積取得件数: 394
2025-06-13 18:29:06,876 - INFO - 📅 2015年08月 2期 (2015/08/16[PDAT] : 2015/08/31[PDAT])
2025-06-13 18:29:07,525 - INFO - 件数: 9
2025-06-13 18:29:07,526 - INFO - [PubMed] 1/9 件目から取得開始
2025-06-13 18:29:10,329 - INFO - [PubMed] 累積取得件数: 403
2025-06-13 18:29:10,330 - INFO - 📅 2015年09月 1期 (2015/09/01[PDAT] : 2015/09/15[PDAT])
2025-06-13 18:29:10,959 - INFO - 件数: 37
2025-06-13 18:29:10,959 - INFO - [PubMed] 1/37 件目から取得開始
2025-06-13 18:29:14,202 - INFO - [PubMed] 累積取得件数: 440
2025-06-13 18:29:14,202 - INFO - 📅 2015年09月 2期 (2015/09/16[PDAT] : 2015/09/30[PDAT])
2025-06-13 18:29:14,856 - INFO - 件数: 20
2025-06-13 18:29:14,856 - INFO - [PubMed] 1/20 件目から取得開始
2025-06-13 18:29:17,896 - INFO - [PubMed] 累積取得件数: 460
2025-06-13 18:29:17,896 - INFO - 📅 2015年10月 1期 (2015/10/01[PDAT] : 2015/10/15[PDAT])
2025-06-13 18:29:18,529 - INFO - 件数: 25
2025-06-13 18:29:18,529 - INFO - [PubMed] 1/25 件目から取得開始
2025-06-13 18:29:21,532 - INFO - [PubMed] 累積取得件数: 485
2025-06-13 18:29:21,532 - INFO - 📅 2015年10月 2期 (2015/10/16[PDAT] : 2015/10/31[PDAT])
2025-06-13 18:29:22,168 - INFO - 件数: 18
2025-06-13 18:29:22,168 - INFO - [PubMed] 1/18 件目から取得開始
2025-06-13 18:29:25,149 - INFO - [PubMed] 累積取得件数: 503
2025-06-13 18:29:25,149 - INFO - 📅 2015年11月 1期 (2015/11/01[PDAT] : 2015/11/15[PDAT])
2025-06-13 18:29:25,796 - INFO - 件数: 35
2025-06-13 18:29:25,796 - INFO - [PubMed] 1/35 件目から取得開始
2025-06-13 18:29:29,092 - INFO - [PubMed] 累積取得件数: 538
2025-06-13 18:29:29,092 - INFO - 📅 2015年11月 2期 (2015/11/16[PDAT] : 2015/11/30[PDAT])
2025-06-13 18:29:29,725 - INFO - 件数: 16
2025-06-13 18:29:29,725 - INFO - [PubMed] 1/16 件目から取得開始
2025-06-13 18:29:32,796 - INFO - [PubMed] 累積取得件数: 554
2025-06-13 18:29:32,797 - INFO - 📅 2015年12月 1期 (2015/12/01[PDAT] : 2015/12/15[PDAT])
2025-06-13 18:29:33,481 - INFO - 件数: 36
2025-06-13 18:29:33,482 - INFO - [PubMed] 1/36 件目から取得開始
2025-06-13 18:29:36,718 - INFO - [PubMed] 累積取得件数: 590
2025-06-13 18:29:36,719 - INFO - 📅 2015年12月 2期 (2015/12/16[PDAT] : 2015/12/31[PDAT])
2025-06-13 18:29:37,360 - INFO - 件数: 19
2025-06-13 18:29:37,360 - INFO - [PubMed] 1/19 件目から取得開始
2025-06-13 18:29:40,800 - INFO - [PubMed] 累積取得件数: 609
2025-06-13 18:29:40,801 - INFO - 📅 2016年01月 1期 (2016/01/01[PDAT] : 2016/01/15[PDAT])
2025-06-13 18:29:41,470 - INFO - 件数: 97
2025-06-13 18:29:41,470 - INFO - [PubMed] 1/97 件目から取得開始
2025-06-13 18:29:45,218 - INFO - [PubMed] 累積取得件数: 706
2025-06-13 18:29:45,218 - INFO - 📅 2016年01月 2期 (2016/01/16[PDAT] : 2016/01/31[PDAT])
2025-06-13 18:29:45,885 - INFO - 件数: 14
2025-06-13 18:29:45,885 - INFO - [PubMed] 1/14 件目から取得開始
2025-06-13 18:29:48,901 - INFO - [PubMed] 累積取得件数: 720
2025-06-13 18:29:48,901 - INFO - 📅 2016年02月 1期 (2016/02/01[PDAT] : 2016/02/15[PDAT])
2025-06-13 18:29:49,547 - INFO - 件数: 34
2025-06-13 18:29:49,547 - INFO - [PubMed] 1/34 件目から取得開始
2025-06-13 18:29:52,957 - INFO - [PubMed] 累積取得件数: 754
2025-06-13 18:29:52,957 - INFO - 📅 2016年02月 2期 (2016/02/16[PDAT] : 2016/02/29[PDAT])
2025-06-13 18:29:53,644 - INFO - 件数: 22
2025-06-13 18:29:53,644 - INFO - [PubMed] 1/22 件目から取得開始
2025-06-13 18:29:56,895 - INFO - [PubMed] 累積取得件数: 776
2025-06-13 18:29:56,895 - INFO - 📅 2016年03月 1期 (2016/03/01[PDAT] : 2016/03/15[PDAT])
2025-06-13 18:29:57,545 - INFO - 件数: 50
2025-06-13 18:29:57,546 - INFO - [PubMed] 1/50 件目から取得開始
2025-06-13 18:30:01,003 - INFO - [PubMed] 累積取得件数: 826
2025-06-13 18:30:01,004 - INFO - 📅 2016年03月 2期 (2016/03/16[PDAT] : 2016/03/31[PDAT])
2025-06-13 18:30:01,647 - INFO - 件数: 19
2025-06-13 18:30:01,647 - INFO - [PubMed] 1/19 件目から取得開始
2025-06-13 18:30:04,687 - INFO - [PubMed] 累積取得件数: 845
2025-06-13 18:30:04,687 - INFO - 📅 2016年04月 1期 (2016/04/01[PDAT] : 2016/04/15[PDAT])
2025-06-13 18:30:05,364 - INFO - 件数: 49
2025-06-13 18:30:05,364 - INFO - [PubMed] 1/49 件目から取得開始
2025-06-13 18:30:08,912 - INFO - [PubMed] 累積取得件数: 894
2025-06-13 18:30:08,913 - INFO - 📅 2016年04月 2期 (2016/04/16[PDAT] : 2016/04/30[PDAT])
2025-06-13 18:30:09,550 - INFO - 件数: 17
2025-06-13 18:30:09,550 - INFO - [PubMed] 1/17 件目から取得開始
2025-06-13 18:30:12,625 - INFO - [PubMed] 累積取得件数: 911
2025-06-13 18:30:12,625 - INFO - 📅 2016年05月 1期 (2016/05/01[PDAT] : 2016/05/15[PDAT])
2025-06-13 18:30:13,288 - INFO - 件数: 42
2025-06-13 18:30:13,288 - INFO - [PubMed] 1/42 件目から取得開始
2025-06-13 18:30:16,629 - INFO - [PubMed] 累積取得件数: 953
2025-06-13 18:30:16,629 - INFO - 📅 2016年05月 2期 (2016/05/16[PDAT] : 2016/05/31[PDAT])
2025-06-13 18:30:17,287 - INFO - 件数: 18
2025-06-13 18:30:17,288 - INFO - [PubMed] 1/18 件目から取得開始
2025-06-13 18:30:20,341 - INFO - [PubMed] 累積取得件数: 971
2025-06-13 18:30:20,341 - INFO - 📅 2016年06月 1期 (2016/06/01[PDAT] : 2016/06/15[PDAT])
2025-06-13 18:30:20,994 - INFO - 件数: 41
2025-06-13 18:30:20,994 - INFO - [PubMed] 1/41 件目から取得開始
2025-06-13 18:30:24,328 - INFO - [PubMed] 累積取得件数: 1012
2025-06-13 18:30:24,328 - INFO - 📅 2016年06月 2期 (2016/06/16[PDAT] : 2016/06/30[PDAT])
2025-06-13 18:30:24,964 - INFO - 件数: 19
2025-06-13 18:30:24,964 - INFO - [PubMed] 1/19 件目から取得開始
2025-06-13 18:30:28,009 - INFO - [PubMed] 累積取得件数: 1031
2025-06-13 18:30:28,010 - INFO - 📅 2016年07月 1期 (2016/07/01[PDAT] : 2016/07/15[PDAT])
2025-06-13 18:30:28,708 - INFO - 件数: 42
2025-06-13 18:30:28,708 - INFO - [PubMed] 1/42 件目から取得開始
2025-06-13 18:30:32,343 - INFO - [PubMed] 累積取得件数: 1073
2025-06-13 18:30:32,344 - INFO - 📅 2016年07月 2期 (2016/07/16[PDAT] : 2016/07/31[PDAT])
2025-06-13 18:30:32,981 - INFO - 件数: 18
2025-06-13 18:30:32,981 - INFO - [PubMed] 1/18 件目から取得開始
2025-06-13 18:30:36,058 - INFO - [PubMed] 累積取得件数: 1091
2025-06-13 18:30:36,058 - INFO - 📅 2016年08月 1期 (2016/08/01[PDAT] : 2016/08/15[PDAT])
2025-06-13 18:30:36,708 - INFO - 件数: 35
2025-06-13 18:30:36,708 - INFO - [PubMed] 1/35 件目から取得開始
2025-06-13 18:30:39,952 - INFO - [PubMed] 累積取得件数: 1125
2025-06-13 18:30:39,952 - INFO - 📅 2016年08月 2期 (2016/08/16[PDAT] : 2016/08/31[PDAT])
2025-06-13 18:30:40,599 - INFO - 件数: 34
2025-06-13 18:30:40,599 - INFO - [PubMed] 1/34 件目から取得開始
2025-06-13 18:30:44,000 - INFO - [PubMed] 累積取得件数: 1158
2025-06-13 18:30:44,000 - INFO - 📅 2016年09月 1期 (2016/09/01[PDAT] : 2016/09/15[PDAT])
2025-06-13 18:30:44,655 - INFO - 件数: 38
2025-06-13 18:30:44,655 - INFO - [PubMed] 1/38 件目から取得開始
2025-06-13 18:30:47,914 - INFO - [PubMed] 累積取得件数: 1196
2025-06-13 18:30:47,915 - INFO - 📅 2016年09月 2期 (2016/09/16[PDAT] : 2016/09/30[PDAT])
2025-06-13 18:30:48,555 - INFO - 件数: 14
2025-06-13 18:30:48,555 - INFO - [PubMed] 1/14 件目から取得開始
2025-06-13 18:30:51,577 - INFO - [PubMed] 累積取得件数: 1210
2025-06-13 18:30:51,577 - INFO - 📅 2016年10月 1期 (2016/10/01[PDAT] : 2016/10/15[PDAT])
2025-06-13 18:30:52,214 - INFO - 件数: 42
2025-06-13 18:30:52,214 - INFO - [PubMed] 1/42 件目から取得開始
2025-06-13 18:30:55,809 - INFO - [PubMed] 累積取得件数: 1252
2025-06-13 18:30:55,809 - INFO - 📅 2016年10月 2期 (2016/10/16[PDAT] : 2016/10/31[PDAT])
2025-06-13 18:30:56,452 - INFO - 件数: 19
2025-06-13 18:30:56,452 - INFO - [PubMed] 1/19 件目から取得開始
2025-06-13 18:30:59,701 - INFO - [PubMed] 累積取得件数: 1271
2025-06-13 18:30:59,701 - INFO - 📅 2016年11月 1期 (2016/11/01[PDAT] : 2016/11/15[PDAT])
2025-06-13 18:31:00,370 - INFO - 件数: 37
2025-06-13 18:31:00,370 - INFO - [PubMed] 1/37 件目から取得開始
2025-06-13 18:31:03,708 - INFO - [PubMed] 累積取得件数: 1307
2025-06-13 18:31:03,708 - INFO - 📅 2016年11月 2期 (2016/11/16[PDAT] : 2016/11/30[PDAT])
2025-06-13 18:31:04,358 - INFO - 件数: 17
2025-06-13 18:31:04,358 - INFO - [PubMed] 1/17 件目から取得開始
2025-06-13 18:31:07,374 - INFO - [PubMed] 累積取得件数: 1324
2025-06-13 18:31:07,375 - INFO - 📅 2016年12月 1期 (2016/12/01[PDAT] : 2016/12/15[PDAT])
2025-06-13 18:31:08,025 - INFO - 件数: 56
2025-06-13 18:31:08,025 - INFO - [PubMed] 1/56 件目から取得開始
2025-06-13 18:31:11,502 - INFO - [PubMed] 累積取得件数: 1380
2025-06-13 18:31:11,503 - INFO - 📅 2016年12月 2期 (2016/12/16[PDAT] : 2016/12/31[PDAT])
2025-06-13 18:31:12,147 - INFO - 件数: 10
2025-06-13 18:31:12,147 - INFO - [PubMed] 1/10 件目から取得開始
2025-06-13 18:31:15,129 - INFO - [PubMed] 累積取得件数: 1390
2025-06-13 18:31:15,130 - INFO - 📅 2017年01月 1期 (2017/01/01[PDAT] : 2017/01/15[PDAT])
2025-06-13 18:31:15,808 - INFO - 件数: 99
2025-06-13 18:31:15,808 - INFO - [PubMed] 1/99 件目から取得開始
2025-06-13 18:31:19,765 - INFO - [PubMed] 累積取得件数: 1489
2025-06-13 18:31:19,765 - INFO - 📅 2017年01月 2期 (2017/01/16[PDAT] : 2017/01/31[PDAT])
2025-06-13 18:31:20,410 - INFO - 件数: 28
2025-06-13 18:31:20,410 - INFO - [PubMed] 1/28 件目から取得開始
2025-06-13 18:31:23,698 - INFO - [PubMed] 累積取得件数: 1517
2025-06-13 18:31:23,698 - INFO - 📅 2017年02月 1期 (2017/02/01[PDAT] : 2017/02/15[PDAT])
2025-06-13 18:31:24,343 - INFO - 件数: 46
2025-06-13 18:31:24,343 - INFO - [PubMed] 1/46 件目から取得開始
2025-06-13 18:31:28,119 - INFO - [PubMed] 累積取得件数: 1563
2025-06-13 18:31:28,119 - INFO - 📅 2017年02月 2期 (2017/02/16[PDAT] : 2017/02/28[PDAT])
2025-06-13 18:31:28,757 - INFO - 件数: 18
2025-06-13 18:31:28,757 - INFO - [PubMed] 1/18 件目から取得開始
2025-06-13 18:31:31,785 - INFO - [PubMed] 累積取得件数: 1581
2025-06-13 18:31:31,786 - INFO - 📅 2017年03月 1期 (2017/03/01[PDAT] : 2017/03/15[PDAT])
2025-06-13 18:31:32,441 - INFO - 件数: 28
2025-06-13 18:31:32,441 - INFO - [PubMed] 1/28 件目から取得開始
2025-06-13 18:31:35,801 - INFO - [PubMed] 累積取得件数: 1609
2025-06-13 18:31:35,801 - INFO - 📅 2017年03月 2期 (2017/03/16[PDAT] : 2017/03/31[PDAT])
2025-06-13 18:31:36,466 - INFO - 件数: 23
2025-06-13 18:31:36,466 - INFO - [PubMed] 1/23 件目から取得開始
2025-06-13 18:31:39,677 - INFO - [PubMed] 累積取得件数: 1632
2025-06-13 18:31:39,677 - INFO - 📅 2017年04月 1期 (2017/04/01[PDAT] : 2017/04/15[PDAT])
2025-06-13 18:31:40,317 - INFO - 件数: 38
2025-06-13 18:31:40,318 - INFO - [PubMed] 1/38 件目から取得開始
2025-06-13 18:31:43,826 - INFO - [PubMed] 累積取得件数: 1670
2025-06-13 18:31:43,826 - INFO - 📅 2017年04月 2期 (2017/04/16[PDAT] : 2017/04/30[PDAT])
2025-06-13 18:31:44,475 - INFO - 件数: 16
2025-06-13 18:31:44,475 - INFO - [PubMed] 1/16 件目から取得開始
2025-06-13 18:31:47,502 - INFO - [PubMed] 累積取得件数: 1686
2025-06-13 18:31:47,503 - INFO - 📅 2017年05月 1期 (2017/05/01[PDAT] : 2017/05/15[PDAT])
2025-06-13 18:31:48,165 - INFO - 件数: 41
2025-06-13 18:31:48,165 - INFO - [PubMed] 1/41 件目から取得開始
2025-06-13 18:31:51,689 - INFO - [PubMed] 累積取得件数: 1727
2025-06-13 18:31:51,689 - INFO - 📅 2017年05月 2期 (2017/05/16[PDAT] : 2017/05/31[PDAT])
2025-06-13 18:31:52,342 - INFO - 件数: 22
2025-06-13 18:31:52,343 - INFO - [PubMed] 1/22 件目から取得開始
2025-06-13 18:31:55,357 - INFO - [PubMed] 累積取得件数: 1749
2025-06-13 18:31:55,357 - INFO - 📅 2017年06月 1期 (2017/06/01[PDAT] : 2017/06/15[PDAT])
2025-06-13 18:31:56,002 - INFO - 件数: 47
2025-06-13 18:31:56,002 - INFO - [PubMed] 1/47 件目から取得開始
2025-06-13 18:31:59,439 - INFO - [PubMed] 累積取得件数: 1796
2025-06-13 18:31:59,439 - INFO - 📅 2017年06月 2期 (2017/06/16[PDAT] : 2017/06/30[PDAT])
2025-06-13 18:32:00,083 - INFO - 件数: 11
2025-06-13 18:32:00,083 - INFO - [PubMed] 1/11 件目から取得開始
2025-06-13 18:32:02,931 - INFO - [PubMed] 累積取得件数: 1807
2025-06-13 18:32:02,932 - INFO - 📅 2017年07月 1期 (2017/07/01[PDAT] : 2017/07/15[PDAT])
2025-06-13 18:32:03,584 - INFO - 件数: 43
2025-06-13 18:32:03,585 - INFO - [PubMed] 1/43 件目から取得開始
2025-06-13 18:32:07,161 - INFO - [PubMed] 累積取得件数: 1850
2025-06-13 18:32:07,161 - INFO - 📅 2017年07月 2期 (2017/07/16[PDAT] : 2017/07/31[PDAT])
2025-06-13 18:32:07,818 - INFO - 件数: 30
2025-06-13 18:32:07,818 - INFO - [PubMed] 1/30 件目から取得開始
2025-06-13 18:32:11,106 - INFO - [PubMed] 累積取得件数: 1880
2025-06-13 18:32:11,107 - INFO - 📅 2017年08月 1期 (2017/08/01[PDAT] : 2017/08/15[PDAT])
2025-06-13 18:32:11,789 - INFO - 件数: 34
2025-06-13 18:32:11,790 - INFO - [PubMed] 1/34 件目から取得開始
2025-06-13 18:32:15,304 - INFO - [PubMed] 累積取得件数: 1914
2025-06-13 18:32:15,305 - INFO - 📅 2017年08月 2期 (2017/08/16[PDAT] : 2017/08/31[PDAT])
2025-06-13 18:32:16,082 - INFO - 件数: 12
2025-06-13 18:32:16,082 - INFO - [PubMed] 1/12 件目から取得開始
2025-06-13 18:32:19,060 - INFO - [PubMed] 累積取得件数: 1926
2025-06-13 18:32:19,061 - INFO - 📅 2017年09月 1期 (2017/09/01[PDAT] : 2017/09/15[PDAT])
2025-06-13 18:32:19,706 - INFO - 件数: 35
2025-06-13 18:32:19,706 - INFO - [PubMed] 1/35 件目から取得開始
2025-06-13 18:32:22,917 - INFO - [PubMed] 累積取得件数: 1961
2025-06-13 18:32:22,917 - INFO - 📅 2017年09月 2期 (2017/09/16[PDAT] : 2017/09/30[PDAT])
2025-06-13 18:32:23,546 - INFO - 件数: 19
2025-06-13 18:32:23,547 - INFO - [PubMed] 1/19 件目から取得開始
2025-06-13 18:32:26,752 - INFO - [PubMed] 累積取得件数: 1980
2025-06-13 18:32:26,752 - INFO - 📅 2017年10月 1期 (2017/10/01[PDAT] : 2017/10/15[PDAT])
2025-06-13 18:32:27,394 - INFO - 件数: 37
2025-06-13 18:32:27,394 - INFO - [PubMed] 1/37 件目から取得開始
2025-06-13 18:32:30,808 - INFO - [PubMed] 累積取得件数: 2017
2025-06-13 18:32:30,808 - INFO - 📅 2017年10月 2期 (2017/10/16[PDAT] : 2017/10/31[PDAT])
2025-06-13 18:32:31,467 - INFO - 件数: 19
2025-06-13 18:32:31,467 - INFO - [PubMed] 1/19 件目から取得開始
2025-06-13 18:32:34,442 - INFO - [PubMed] 累積取得件数: 2036
2025-06-13 18:32:34,442 - INFO - 📅 2017年11月 1期 (2017/11/01[PDAT] : 2017/11/15[PDAT])
2025-06-13 18:32:35,253 - INFO - 件数: 37
2025-06-13 18:32:35,253 - INFO - [PubMed] 1/37 件目から取得開始
2025-06-13 18:32:38,908 - INFO - [PubMed] 累積取得件数: 2073
2025-06-13 18:32:38,909 - INFO - 📅 2017年11月 2期 (2017/11/16[PDAT] : 2017/11/30[PDAT])
2025-06-13 18:32:39,562 - INFO - 件数: 20
2025-06-13 18:32:39,562 - INFO - [PubMed] 1/20 件目から取得開始
2025-06-13 18:32:42,797 - INFO - [PubMed] 累積取得件数: 2093
2025-06-13 18:32:42,797 - INFO - 📅 2017年12月 1期 (2017/12/01[PDAT] : 2017/12/15[PDAT])
2025-06-13 18:32:43,430 - INFO - 件数: 43
2025-06-13 18:32:43,430 - INFO - [PubMed] 1/43 件目から取得開始
2025-06-13 18:32:46,916 - INFO - [PubMed] 累積取得件数: 2136
2025-06-13 18:32:46,916 - INFO - 📅 2017年12月 2期 (2017/12/16[PDAT] : 2017/12/31[PDAT])
2025-06-13 18:32:47,558 - INFO - 件数: 15
2025-06-13 18:32:47,558 - INFO - [PubMed] 1/15 件目から取得開始
2025-06-13 18:32:50,546 - INFO - [PubMed] 累積取得件数: 2151
2025-06-13 18:32:50,546 - INFO - 📅 2018年01月 1期 (2018/01/01[PDAT] : 2018/01/15[PDAT])
2025-06-13 18:32:51,204 - INFO - 件数: 137
2025-06-13 18:32:51,204 - INFO - [PubMed] 1/137 件目から取得開始
2025-06-13 18:32:55,801 - INFO - [PubMed] 累積取得件数: 2287
2025-06-13 18:32:55,801 - INFO - 📅 2018年01月 2期 (2018/01/16[PDAT] : 2018/01/31[PDAT])
2025-06-13 18:32:56,504 - INFO - 件数: 22
2025-06-13 18:32:56,504 - INFO - [PubMed] 1/22 件目から取得開始
2025-06-13 18:32:59,741 - INFO - [PubMed] 累積取得件数: 2309
2025-06-13 18:32:59,741 - INFO - 📅 2018年02月 1期 (2018/02/01[PDAT] : 2018/02/15[PDAT])
2025-06-13 18:33:00,399 - INFO - 件数: 48
2025-06-13 18:33:00,400 - INFO - [PubMed] 1/48 件目から取得開始
2025-06-13 18:33:03,858 - INFO - [PubMed] 累積取得件数: 2356
2025-06-13 18:33:03,859 - INFO - 📅 2018年02月 2期 (2018/02/16[PDAT] : 2018/02/28[PDAT])
2025-06-13 18:33:04,498 - INFO - 件数: 22
2025-06-13 18:33:04,499 - INFO - [PubMed] 1/22 件目から取得開始
2025-06-13 18:33:08,204 - INFO - [PubMed] 累積取得件数: 2378
2025-06-13 18:33:08,204 - INFO - 📅 2018年03月 1期 (2018/03/01[PDAT] : 2018/03/15[PDAT])
2025-06-13 18:33:08,853 - INFO - 件数: 43
2025-06-13 18:33:08,853 - INFO - [PubMed] 1/43 件目から取得開始
2025-06-13 18:33:12,473 - INFO - [PubMed] 累積取得件数: 2421
2025-06-13 18:33:12,473 - INFO - 📅 2018年03月 2期 (2018/03/16[PDAT] : 2018/03/31[PDAT])
2025-06-13 18:33:13,159 - INFO - 件数: 20
2025-06-13 18:33:13,159 - INFO - [PubMed] 1/20 件目から取得開始
2025-06-13 18:33:16,355 - INFO - [PubMed] 累積取得件数: 2441
2025-06-13 18:33:16,356 - INFO - 📅 2018年04月 1期 (2018/04/01[PDAT] : 2018/04/15[PDAT])
2025-06-13 18:33:17,021 - INFO - 件数: 35
2025-06-13 18:33:17,021 - INFO - [PubMed] 1/35 件目から取得開始
2025-06-13 18:33:20,522 - INFO - [PubMed] 累積取得件数: 2475
2025-06-13 18:33:20,522 - INFO - 📅 2018年04月 2期 (2018/04/16[PDAT] : 2018/04/30[PDAT])
2025-06-13 18:33:21,185 - INFO - 件数: 23
2025-06-13 18:33:21,185 - INFO - [PubMed] 1/23 件目から取得開始
2025-06-13 18:33:24,441 - INFO - [PubMed] 累積取得件数: 2498
2025-06-13 18:33:24,441 - INFO - 📅 2018年05月 1期 (2018/05/01[PDAT] : 2018/05/15[PDAT])
2025-06-13 18:33:25,087 - INFO - 件数: 33
2025-06-13 18:33:25,087 - INFO - [PubMed] 1/33 件目から取得開始
2025-06-13 18:33:28,474 - INFO - [PubMed] 累積取得件数: 2531
2025-06-13 18:33:28,474 - INFO - 📅 2018年05月 2期 (2018/05/16[PDAT] : 2018/05/31[PDAT])
2025-06-13 18:33:29,115 - INFO - 件数: 17
2025-06-13 18:33:29,116 - INFO - [PubMed] 1/17 件目から取得開始
2025-06-13 18:33:32,170 - INFO - [PubMed] 累積取得件数: 2548
2025-06-13 18:33:32,170 - INFO - 📅 2018年06月 1期 (2018/06/01[PDAT] : 2018/06/15[PDAT])
2025-06-13 18:33:32,812 - INFO - 件数: 47
2025-06-13 18:33:32,813 - INFO - [PubMed] 1/47 件目から取得開始
2025-06-13 18:33:36,356 - INFO - [PubMed] 累積取得件数: 2595
2025-06-13 18:33:36,356 - INFO - 📅 2018年06月 2期 (2018/06/16[PDAT] : 2018/06/30[PDAT])
2025-06-13 18:33:37,021 - INFO - 件数: 21
2025-06-13 18:33:37,021 - INFO - [PubMed] 1/21 件目から取得開始
2025-06-13 18:33:40,204 - INFO - [PubMed] 累積取得件数: 2616
2025-06-13 18:33:40,204 - INFO - 📅 2018年07月 1期 (2018/07/01[PDAT] : 2018/07/15[PDAT])
2025-06-13 18:33:40,858 - INFO - 件数: 51
2025-06-13 18:33:40,858 - INFO - [PubMed] 1/51 件目から取得開始
2025-06-13 18:33:44,705 - INFO - [PubMed] 累積取得件数: 2666
2025-06-13 18:33:44,706 - INFO - 📅 2018年07月 2期 (2018/07/16[PDAT] : 2018/07/31[PDAT])
2025-06-13 18:33:45,373 - INFO - 件数: 22
2025-06-13 18:33:45,373 - INFO - [PubMed] 1/22 件目から取得開始
2025-06-13 18:33:48,761 - INFO - [PubMed] 累積取得件数: 2688
2025-06-13 18:33:48,761 - INFO - 📅 2018年08月 1期 (2018/08/01[PDAT] : 2018/08/15[PDAT])
2025-06-13 18:33:49,439 - INFO - 件数: 40
2025-06-13 18:33:49,439 - INFO - [PubMed] 1/40 件目から取得開始
2025-06-13 18:33:53,012 - INFO - [PubMed] 累積取得件数: 2728
2025-06-13 18:33:53,012 - INFO - 📅 2018年08月 2期 (2018/08/16[PDAT] : 2018/08/31[PDAT])
2025-06-13 18:33:53,670 - INFO - 件数: 22
2025-06-13 18:33:53,670 - INFO - [PubMed] 1/22 件目から取得開始
2025-06-13 18:33:56,889 - INFO - [PubMed] 累積取得件数: 2750
2025-06-13 18:33:56,889 - INFO - 📅 2018年09月 1期 (2018/09/01[PDAT] : 2018/09/15[PDAT])
2025-06-13 18:33:57,522 - INFO - 件数: 30
2025-06-13 18:33:57,522 - INFO - [PubMed] 1/30 件目から取得開始
2025-06-13 18:34:00,730 - INFO - [PubMed] 累積取得件数: 2780
2025-06-13 18:34:00,730 - INFO - 📅 2018年09月 2期 (2018/09/16[PDAT] : 2018/09/30[PDAT])
2025-06-13 18:34:01,394 - INFO - 件数: 16
2025-06-13 18:34:01,394 - INFO - [PubMed] 1/16 件目から取得開始
2025-06-13 18:34:04,406 - INFO - [PubMed] 累積取得件数: 2796
2025-06-13 18:34:04,406 - INFO - 📅 2018年10月 1期 (2018/10/01[PDAT] : 2018/10/15[PDAT])
2025-06-13 18:34:05,066 - INFO - 件数: 33
2025-06-13 18:34:05,067 - INFO - [PubMed] 1/33 件目から取得開始
2025-06-13 18:34:08,540 - INFO - [PubMed] 累積取得件数: 2829
2025-06-13 18:34:08,540 - INFO - 📅 2018年10月 2期 (2018/10/16[PDAT] : 2018/10/31[PDAT])
2025-06-13 18:34:09,705 - INFO - 件数: 21
2025-06-13 18:34:09,705 - INFO - [PubMed] 1/21 件目から取得開始
2025-06-13 18:34:12,699 - INFO - [PubMed] 累積取得件数: 2850
2025-06-13 18:34:12,699 - INFO - 📅 2018年11月 1期 (2018/11/01[PDAT] : 2018/11/15[PDAT])
2025-06-13 18:34:13,349 - INFO - 件数: 45
2025-06-13 18:34:13,349 - INFO - [PubMed] 1/45 件目から取得開始
2025-06-13 18:34:16,875 - INFO - [PubMed] 累積取得件数: 2894
2025-06-13 18:34:16,875 - INFO - 📅 2018年11月 2期 (2018/11/16[PDAT] : 2018/11/30[PDAT])
2025-06-13 18:34:17,511 - INFO - 件数: 18
2025-06-13 18:34:17,512 - INFO - [PubMed] 1/18 件目から取得開始
2025-06-13 18:34:20,765 - INFO - [PubMed] 累積取得件数: 2912
2025-06-13 18:34:20,766 - INFO - 📅 2018年12月 1期 (2018/12/01[PDAT] : 2018/12/15[PDAT])
2025-06-13 18:34:21,402 - INFO - 件数: 53
2025-06-13 18:34:21,403 - INFO - [PubMed] 1/53 件目から取得開始
2025-06-13 18:34:25,252 - INFO - [PubMed] 累積取得件数: 2965
2025-06-13 18:34:25,253 - INFO - 📅 2018年12月 2期 (2018/12/16[PDAT] : 2018/12/31[PDAT])
2025-06-13 18:34:25,970 - INFO - 件数: 12
2025-06-13 18:34:25,970 - INFO - [PubMed] 1/12 件目から取得開始
2025-06-13 18:34:29,026 - INFO - [PubMed] 累積取得件数: 2977
2025-06-13 18:34:29,026 - INFO - 📅 2019年01月 1期 (2019/01/01[PDAT] : 2019/01/15[PDAT])
2025-06-13 18:34:29,666 - INFO - 件数: 125
2025-06-13 18:34:29,666 - INFO - [PubMed] 1/125 件目から取得開始
2025-06-13 18:34:33,780 - INFO - [PubMed] 累積取得件数: 3100
2025-06-13 18:34:33,780 - INFO - 📅 2019年01月 2期 (2019/01/16[PDAT] : 2019/01/31[PDAT])
2025-06-13 18:34:34,437 - INFO - 件数: 29
2025-06-13 18:34:34,437 - INFO - [PubMed] 1/29 件目から取得開始
2025-06-13 18:34:37,607 - INFO - [PubMed] 累積取得件数: 3129
2025-06-13 18:34:37,607 - INFO - 📅 2019年02月 1期 (2019/02/01[PDAT] : 2019/02/15[PDAT])
2025-06-13 18:34:38,266 - INFO - 件数: 42
2025-06-13 18:34:38,266 - INFO - [PubMed] 1/42 件目から取得開始
2025-06-13 18:34:41,765 - INFO - [PubMed] 累積取得件数: 3170
2025-06-13 18:34:41,765 - INFO - 📅 2019年02月 2期 (2019/02/16[PDAT] : 2019/02/28[PDAT])
2025-06-13 18:34:42,397 - INFO - 件数: 17
2025-06-13 18:34:42,397 - INFO - [PubMed] 1/17 件目から取得開始
2025-06-13 18:34:45,467 - INFO - [PubMed] 累積取得件数: 3187
2025-06-13 18:34:45,467 - INFO - 📅 2019年03月 1期 (2019/03/01[PDAT] : 2019/03/15[PDAT])
2025-06-13 18:34:46,126 - INFO - 件数: 42
2025-06-13 18:34:46,127 - INFO - [PubMed] 1/42 件目から取得開始
2025-06-13 18:34:49,522 - INFO - [PubMed] 累積取得件数: 3229
2025-06-13 18:34:49,523 - INFO - 📅 2019年03月 2期 (2019/03/16[PDAT] : 2019/03/31[PDAT])
2025-06-13 18:34:50,171 - INFO - 件数: 17
2025-06-13 18:34:50,171 - INFO - [PubMed] 1/17 件目から取得開始
2025-06-13 18:34:53,207 - INFO - [PubMed] 累積取得件数: 3246
2025-06-13 18:34:53,208 - INFO - 📅 2019年04月 1期 (2019/04/01[PDAT] : 2019/04/15[PDAT])
2025-06-13 18:34:53,852 - INFO - 件数: 36
2025-06-13 18:34:53,852 - INFO - [PubMed] 1/36 件目から取得開始
2025-06-13 18:34:57,215 - INFO - [PubMed] 累積取得件数: 3282
2025-06-13 18:34:57,215 - INFO - 📅 2019年04月 2期 (2019/04/16[PDAT] : 2019/04/30[PDAT])
2025-06-13 18:34:57,867 - INFO - 件数: 18
2025-06-13 18:34:57,867 - INFO - [PubMed] 1/18 件目から取得開始
2025-06-13 18:35:00,929 - INFO - [PubMed] 累積取得件数: 3300
2025-06-13 18:35:00,929 - INFO - 📅 2019年05月 1期 (2019/05/01[PDAT] : 2019/05/15[PDAT])
2025-06-13 18:35:01,573 - INFO - 件数: 37
2025-06-13 18:35:01,573 - INFO - [PubMed] 1/37 件目から取得開始
2025-06-13 18:35:04,951 - INFO - [PubMed] 累積取得件数: 3337
2025-06-13 18:35:04,951 - INFO - 📅 2019年05月 2期 (2019/05/16[PDAT] : 2019/05/31[PDAT])
2025-06-13 18:35:05,593 - INFO - 件数: 21
2025-06-13 18:35:05,594 - INFO - [PubMed] 1/21 件目から取得開始
2025-06-13 18:35:08,816 - INFO - [PubMed] 累積取得件数: 3358
2025-06-13 18:35:08,816 - INFO - 📅 2019年06月 1期 (2019/06/01[PDAT] : 2019/06/15[PDAT])
2025-06-13 18:35:09,487 - INFO - 件数: 35
2025-06-13 18:35:09,488 - INFO - [PubMed] 1/35 件目から取得開始
2025-06-13 18:35:12,757 - INFO - [PubMed] 累積取得件数: 3393
2025-06-13 18:35:12,757 - INFO - 📅 2019年06月 2期 (2019/06/16[PDAT] : 2019/06/30[PDAT])
2025-06-13 18:35:13,401 - INFO - 件数: 16
2025-06-13 18:35:13,401 - INFO - [PubMed] 1/16 件目から取得開始
2025-06-13 18:35:16,581 - INFO - [PubMed] 累積取得件数: 3409
2025-06-13 18:35:16,582 - INFO - 📅 2019年07月 1期 (2019/07/01[PDAT] : 2019/07/15[PDAT])
2025-06-13 18:35:18,278 - INFO - 件数: 42
2025-06-13 18:35:18,278 - INFO - [PubMed] 1/42 件目から取得開始
2025-06-13 18:35:21,722 - INFO - [PubMed] 累積取得件数: 3451
2025-06-13 18:35:21,722 - INFO - 📅 2019年07月 2期 (2019/07/16[PDAT] : 2019/07/31[PDAT])
2025-06-13 18:35:22,367 - INFO - 件数: 18
2025-06-13 18:35:22,367 - INFO - [PubMed] 1/18 件目から取得開始
2025-06-13 18:35:25,685 - INFO - [PubMed] 累積取得件数: 3469
2025-06-13 18:35:25,685 - INFO - 📅 2019年08月 1期 (2019/08/01[PDAT] : 2019/08/15[PDAT])
2025-06-13 18:35:26,317 - INFO - 件数: 40
2025-06-13 18:35:26,317 - INFO - [PubMed] 1/40 件目から取得開始
2025-06-13 18:35:29,859 - INFO - [PubMed] 累積取得件数: 3509
2025-06-13 18:35:29,859 - INFO - 📅 2019年08月 2期 (2019/08/16[PDAT] : 2019/08/31[PDAT])
2025-06-13 18:35:30,692 - INFO - 件数: 17
2025-06-13 18:35:30,693 - INFO - [PubMed] 1/17 件目から取得開始
2025-06-13 18:35:34,222 - INFO - [PubMed] 累積取得件数: 3526
2025-06-13 18:35:34,222 - INFO - 📅 2019年09月 1期 (2019/09/01[PDAT] : 2019/09/15[PDAT])
2025-06-13 18:35:34,863 - INFO - 件数: 36
2025-06-13 18:35:34,863 - INFO - [PubMed] 1/36 件目から取得開始
2025-06-13 18:35:38,272 - INFO - [PubMed] 累積取得件数: 3562
2025-06-13 18:35:38,272 - INFO - 📅 2019年09月 2期 (2019/09/16[PDAT] : 2019/09/30[PDAT])
2025-06-13 18:35:38,920 - INFO - 件数: 27
2025-06-13 18:35:38,920 - INFO - [PubMed] 1/27 件目から取得開始
2025-06-13 18:35:42,216 - INFO - [PubMed] 累積取得件数: 3589
2025-06-13 18:35:42,216 - INFO - 📅 2019年10月 1期 (2019/10/01[PDAT] : 2019/10/15[PDAT])
2025-06-13 18:35:42,854 - INFO - 件数: 24
2025-06-13 18:35:42,854 - INFO - [PubMed] 1/24 件目から取得開始
2025-06-13 18:35:46,062 - INFO - [PubMed] 累積取得件数: 3613
2025-06-13 18:35:46,063 - INFO - 📅 2019年10月 2期 (2019/10/16[PDAT] : 2019/10/31[PDAT])
2025-06-13 18:35:46,705 - INFO - 件数: 17
2025-06-13 18:35:46,706 - INFO - [PubMed] 1/17 件目から取得開始
2025-06-13 18:35:50,751 - INFO - [PubMed] 累積取得件数: 3630
2025-06-13 18:35:50,751 - INFO - 📅 2019年11月 1期 (2019/11/01[PDAT] : 2019/11/15[PDAT])
2025-06-13 18:35:51,827 - INFO - 件数: 52
2025-06-13 18:35:51,827 - INFO - [PubMed] 1/52 件目から取得開始
2025-06-13 18:35:55,528 - INFO - [PubMed] 累積取得件数: 3682
2025-06-13 18:35:55,528 - INFO - 📅 2019年11月 2期 (2019/11/16[PDAT] : 2019/11/30[PDAT])
2025-06-13 18:35:56,161 - INFO - 件数: 17
2025-06-13 18:35:56,161 - INFO - [PubMed] 1/17 件目から取得開始
2025-06-13 18:35:59,183 - INFO - [PubMed] 累積取得件数: 3699
2025-06-13 18:35:59,183 - INFO - 📅 2019年12月 1期 (2019/12/01[PDAT] : 2019/12/15[PDAT])
2025-06-13 18:35:59,829 - INFO - 件数: 34
2025-06-13 18:35:59,830 - INFO - [PubMed] 1/34 件目から取得開始
2025-06-13 18:36:03,219 - INFO - [PubMed] 累積取得件数: 3733
2025-06-13 18:36:03,220 - INFO - 📅 2019年12月 2期 (2019/12/16[PDAT] : 2019/12/31[PDAT])
2025-06-13 18:36:03,885 - INFO - 件数: 21
2025-06-13 18:36:03,885 - INFO - [PubMed] 1/21 件目から取得開始
2025-06-13 18:36:07,102 - INFO - [PubMed] 累積取得件数: 3753
2025-06-13 18:36:07,103 - INFO - 📅 2020年01月 1期 (2020/01/01[PDAT] : 2020/01/15[PDAT])
2025-06-13 18:36:07,765 - INFO - 件数: 127
2025-06-13 18:36:07,765 - INFO - [PubMed] 1/127 件目から取得開始
2025-06-13 18:36:13,638 - INFO - [PubMed] 累積取得件数: 3880
2025-06-13 18:36:13,639 - INFO - 📅 2020年01月 2期 (2020/01/16[PDAT] : 2020/01/31[PDAT])
2025-06-13 18:36:14,285 - INFO - 件数: 16
2025-06-13 18:36:14,285 - INFO - [PubMed] 1/16 件目から取得開始
2025-06-13 18:36:17,341 - INFO - [PubMed] 累積取得件数: 3896
2025-06-13 18:36:17,341 - INFO - 📅 2020年02月 1期 (2020/02/01[PDAT] : 2020/02/15[PDAT])
2025-06-13 18:36:17,977 - INFO - 件数: 40
2025-06-13 18:36:17,977 - INFO - [PubMed] 1/40 件目から取得開始
2025-06-13 18:36:21,319 - INFO - [PubMed] 累積取得件数: 3936
2025-06-13 18:36:21,320 - INFO - 📅 2020年02月 2期 (2020/02/16[PDAT] : 2020/02/29[PDAT])
2025-06-13 18:36:21,952 - INFO - 件数: 23
2025-06-13 18:36:21,952 - INFO - [PubMed] 1/23 件目から取得開始
2025-06-13 18:36:25,191 - INFO - [PubMed] 累積取得件数: 3959
2025-06-13 18:36:25,191 - INFO - 📅 2020年03月 1期 (2020/03/01[PDAT] : 2020/03/15[PDAT])
2025-06-13 18:36:25,827 - INFO - 件数: 34
2025-06-13 18:36:25,827 - INFO - [PubMed] 1/34 件目から取得開始
2025-06-13 18:36:29,076 - INFO - [PubMed] 累積取得件数: 3992
2025-06-13 18:36:29,076 - INFO - 📅 2020年03月 2期 (2020/03/16[PDAT] : 2020/03/31[PDAT])
2025-06-13 18:36:29,711 - INFO - 件数: 26
2025-06-13 18:36:29,711 - INFO - [PubMed] 1/26 件目から取得開始
2025-06-13 18:36:33,108 - INFO - [PubMed] 累積取得件数: 4018
2025-06-13 18:36:33,109 - INFO - 📅 2020年04月 1期 (2020/04/01[PDAT] : 2020/04/15[PDAT])
2025-06-13 18:36:33,750 - INFO - 件数: 32
2025-06-13 18:36:33,750 - INFO - [PubMed] 1/32 件目から取得開始
2025-06-13 18:36:37,179 - INFO - [PubMed] 累積取得件数: 4050
2025-06-13 18:36:37,179 - INFO - 📅 2020年04月 2期 (2020/04/16[PDAT] : 2020/04/30[PDAT])
2025-06-13 18:36:37,823 - INFO - 件数: 20
2025-06-13 18:36:37,823 - INFO - [PubMed] 1/20 件目から取得開始
2025-06-13 18:36:41,033 - INFO - [PubMed] 累積取得件数: 4070
2025-06-13 18:36:41,033 - INFO - 📅 2020年05月 1期 (2020/05/01[PDAT] : 2020/05/15[PDAT])
2025-06-13 18:36:41,709 - INFO - 件数: 41
2025-06-13 18:36:41,709 - INFO - [PubMed] 1/41 件目から取得開始
2025-06-13 18:36:45,386 - INFO - [PubMed] 累積取得件数: 4110
2025-06-13 18:36:45,386 - INFO - 📅 2020年05月 2期 (2020/05/16[PDAT] : 2020/05/31[PDAT])
2025-06-13 18:36:46,018 - INFO - 件数: 18
2025-06-13 18:36:46,019 - INFO - [PubMed] 1/18 件目から取得開始
2025-06-13 18:36:49,222 - INFO - [PubMed] 累積取得件数: 4128
2025-06-13 18:36:49,223 - INFO - 📅 2020年06月 1期 (2020/06/01[PDAT] : 2020/06/15[PDAT])
2025-06-13 18:36:49,904 - INFO - 件数: 34
2025-06-13 18:36:49,904 - INFO - [PubMed] 1/34 件目から取得開始
2025-06-13 18:36:53,478 - INFO - [PubMed] 累積取得件数: 4162
2025-06-13 18:36:53,478 - INFO - 📅 2020年06月 2期 (2020/06/16[PDAT] : 2020/06/30[PDAT])
2025-06-13 18:36:54,134 - INFO - 件数: 26
2025-06-13 18:36:54,134 - INFO - [PubMed] 1/26 件目から取得開始
2025-06-13 18:36:57,929 - INFO - [PubMed] 累積取得件数: 4188
2025-06-13 18:36:57,929 - INFO - 📅 2020年07月 1期 (2020/07/01[PDAT] : 2020/07/15[PDAT])
2025-06-13 18:36:58,573 - INFO - 件数: 45
2025-06-13 18:36:58,574 - INFO - [PubMed] 1/45 件目から取得開始
2025-06-13 18:37:02,259 - INFO - [PubMed] 累積取得件数: 4233
2025-06-13 18:37:02,260 - INFO - 📅 2020年07月 2期 (2020/07/16[PDAT] : 2020/07/31[PDAT])
2025-06-13 18:37:02,915 - INFO - 件数: 22
2025-06-13 18:37:02,916 - INFO - [PubMed] 1/22 件目から取得開始
2025-06-13 18:37:06,169 - INFO - [PubMed] 累積取得件数: 4255
2025-06-13 18:37:06,170 - INFO - 📅 2020年08月 1期 (2020/08/01[PDAT] : 2020/08/15[PDAT])
2025-06-13 18:37:06,806 - INFO - 件数: 48
2025-06-13 18:37:06,806 - INFO - [PubMed] 1/48 件目から取得開始
2025-06-13 18:37:10,340 - INFO - [PubMed] 累積取得件数: 4303
2025-06-13 18:37:10,340 - INFO - 📅 2020年08月 2期 (2020/08/16[PDAT] : 2020/08/31[PDAT])
2025-06-13 18:37:10,970 - INFO - 件数: 28
2025-06-13 18:37:10,970 - INFO - [PubMed] 1/28 件目から取得開始
2025-06-13 18:37:14,255 - INFO - [PubMed] 累積取得件数: 4331
2025-06-13 18:37:14,255 - INFO - 📅 2020年09月 1期 (2020/09/01[PDAT] : 2020/09/15[PDAT])
2025-06-13 18:37:14,909 - INFO - 件数: 42
2025-06-13 18:37:14,909 - INFO - [PubMed] 1/42 件目から取得開始
2025-06-13 18:37:18,447 - INFO - [PubMed] 累積取得件数: 4373
2025-06-13 18:37:18,447 - INFO - 📅 2020年09月 2期 (2020/09/16[PDAT] : 2020/09/30[PDAT])
2025-06-13 18:37:19,108 - INFO - 件数: 29
2025-06-13 18:37:19,108 - INFO - [PubMed] 1/29 件目から取得開始
2025-06-13 18:37:22,360 - INFO - [PubMed] 累積取得件数: 4402
2025-06-13 18:37:22,360 - INFO - 📅 2020年10月 1期 (2020/10/01[PDAT] : 2020/10/15[PDAT])
2025-06-13 18:37:23,048 - INFO - 件数: 46
2025-06-13 18:37:23,048 - INFO - [PubMed] 1/46 件目から取得開始
2025-06-13 18:37:26,481 - INFO - [PubMed] 累積取得件数: 4447
2025-06-13 18:37:26,481 - INFO - 📅 2020年10月 2期 (2020/10/16[PDAT] : 2020/10/31[PDAT])
2025-06-13 18:37:27,126 - INFO - 件数: 24
2025-06-13 18:37:27,126 - INFO - [PubMed] 1/24 件目から取得開始
2025-06-13 18:37:30,370 - INFO - [PubMed] 累積取得件数: 4471
2025-06-13 18:37:30,370 - INFO - 📅 2020年11月 1期 (2020/11/01[PDAT] : 2020/11/15[PDAT])
2025-06-13 18:37:31,012 - INFO - 件数: 30
2025-06-13 18:37:31,012 - INFO - [PubMed] 1/30 件目から取得開始
2025-06-13 18:37:34,398 - INFO - [PubMed] 累積取得件数: 4501
2025-06-13 18:37:34,398 - INFO - 📅 2020年11月 2期 (2020/11/16[PDAT] : 2020/11/30[PDAT])
2025-06-13 18:37:35,033 - INFO - 件数: 19
2025-06-13 18:37:35,033 - INFO - [PubMed] 1/19 件目から取得開始
2025-06-13 18:37:38,862 - INFO - [PubMed] 累積取得件数: 4520
2025-06-13 18:37:38,863 - INFO - 📅 2020年12月 1期 (2020/12/01[PDAT] : 2020/12/15[PDAT])
2025-06-13 18:37:39,507 - INFO - 件数: 46
2025-06-13 18:37:39,507 - INFO - [PubMed] 1/46 件目から取得開始
2025-06-13 18:37:43,108 - INFO - [PubMed] 累積取得件数: 4565
2025-06-13 18:37:43,108 - INFO - 📅 2020年12月 2期 (2020/12/16[PDAT] : 2020/12/31[PDAT])
2025-06-13 18:37:43,775 - INFO - 件数: 26
2025-06-13 18:37:43,775 - INFO - [PubMed] 1/26 件目から取得開始
2025-06-13 18:37:47,006 - INFO - [PubMed] 累積取得件数: 4591
2025-06-13 18:37:47,007 - INFO - 📅 2021年01月 1期 (2021/01/01[PDAT] : 2021/01/15[PDAT])
2025-06-13 18:37:47,691 - INFO - 件数: 174
2025-06-13 18:37:47,691 - INFO - [PubMed] 1/174 件目から取得開始
2025-06-13 18:37:52,861 - INFO - [PubMed] 累積取得件数: 4763
2025-06-13 18:37:52,861 - INFO - 📅 2021年01月 2期 (2021/01/16[PDAT] : 2021/01/31[PDAT])
2025-06-13 18:37:53,525 - INFO - 件数: 30
2025-06-13 18:37:53,526 - INFO - [PubMed] 1/30 件目から取得開始
2025-06-13 18:37:57,040 - INFO - [PubMed] 累積取得件数: 4793
2025-06-13 18:37:57,040 - INFO - 📅 2021年02月 1期 (2021/02/01[PDAT] : 2021/02/15[PDAT])
2025-06-13 18:37:57,706 - INFO - 件数: 34
2025-06-13 18:37:57,706 - INFO - [PubMed] 1/34 件目から取得開始
2025-06-13 18:38:01,222 - INFO - [PubMed] 累積取得件数: 4827
2025-06-13 18:38:01,222 - INFO - 📅 2021年02月 2期 (2021/02/16[PDAT] : 2021/02/28[PDAT])
2025-06-13 18:38:01,861 - INFO - 件数: 25
2025-06-13 18:38:01,862 - INFO - [PubMed] 1/25 件目から取得開始
2025-06-13 18:38:05,237 - INFO - [PubMed] 累積取得件数: 4852
2025-06-13 18:38:05,237 - INFO - 📅 2021年03月 1期 (2021/03/01[PDAT] : 2021/03/15[PDAT])
2025-06-13 18:38:05,895 - INFO - 件数: 27
2025-06-13 18:38:05,895 - INFO - [PubMed] 1/27 件目から取得開始
2025-06-13 18:38:09,196 - INFO - [PubMed] 累積取得件数: 4879
2025-06-13 18:38:09,196 - INFO - 📅 2021年03月 2期 (2021/03/16[PDAT] : 2021/03/31[PDAT])
2025-06-13 18:38:09,842 - INFO - 件数: 25
2025-06-13 18:38:09,842 - INFO - [PubMed] 1/25 件目から取得開始
2025-06-13 18:38:13,702 - INFO - [PubMed] 累積取得件数: 4904
2025-06-13 18:38:13,702 - INFO - 📅 2021年04月 1期 (2021/04/01[PDAT] : 2021/04/15[PDAT])
2025-06-13 18:38:14,360 - INFO - 件数: 36
2025-06-13 18:38:14,360 - INFO - [PubMed] 1/36 件目から取得開始
2025-06-13 18:38:17,847 - INFO - [PubMed] 累積取得件数: 4940
2025-06-13 18:38:17,848 - INFO - 📅 2021年04月 2期 (2021/04/16[PDAT] : 2021/04/30[PDAT])
2025-06-13 18:38:18,478 - INFO - 件数: 33
2025-06-13 18:38:18,478 - INFO - [PubMed] 1/33 件目から取得開始
2025-06-13 18:38:21,924 - INFO - [PubMed] 累積取得件数: 4973
2025-06-13 18:38:21,925 - INFO - 📅 2021年05月 1期 (2021/05/01[PDAT] : 2021/05/15[PDAT])
2025-06-13 18:38:22,634 - INFO - 件数: 35
2025-06-13 18:38:22,634 - INFO - [PubMed] 1/35 件目から取得開始
2025-06-13 18:38:26,209 - INFO - [PubMed] 累積取得件数: 5008
2025-06-13 18:38:26,209 - INFO - 📅 2021年05月 2期 (2021/05/16[PDAT] : 2021/05/31[PDAT])
2025-06-13 18:38:26,874 - INFO - 件数: 35
2025-06-13 18:38:26,874 - INFO - [PubMed] 1/35 件目から取得開始
2025-06-13 18:38:30,410 - INFO - [PubMed] 累積取得件数: 5043
2025-06-13 18:38:30,410 - INFO - 📅 2021年06月 1期 (2021/06/01[PDAT] : 2021/06/15[PDAT])
2025-06-13 18:38:31,100 - INFO - 件数: 46
2025-06-13 18:38:31,100 - INFO - [PubMed] 1/46 件目から取得開始
2025-06-13 18:38:34,745 - INFO - [PubMed] 累積取得件数: 5089
2025-06-13 18:38:34,745 - INFO - 📅 2021年06月 2期 (2021/06/16[PDAT] : 2021/06/30[PDAT])
2025-06-13 18:38:35,379 - INFO - 件数: 34
2025-06-13 18:38:35,379 - INFO - [PubMed] 1/34 件目から取得開始
2025-06-13 18:38:38,957 - INFO - [PubMed] 累積取得件数: 5122
2025-06-13 18:38:38,957 - INFO - 📅 2021年07月 1期 (2021/07/01[PDAT] : 2021/07/15[PDAT])
2025-06-13 18:38:39,626 - INFO - 件数: 47
2025-06-13 18:38:39,626 - INFO - [PubMed] 1/47 件目から取得開始
2025-06-13 18:38:43,486 - INFO - [PubMed] 累積取得件数: 5169
2025-06-13 18:38:43,486 - INFO - 📅 2021年07月 2期 (2021/07/16[PDAT] : 2021/07/31[PDAT])
2025-06-13 18:38:44,155 - INFO - 件数: 26
2025-06-13 18:38:44,156 - INFO - [PubMed] 1/26 件目から取得開始
2025-06-13 18:38:47,720 - INFO - [PubMed] 累積取得件数: 5195
2025-06-13 18:38:47,720 - INFO - 📅 2021年08月 1期 (2021/08/01[PDAT] : 2021/08/15[PDAT])
2025-06-13 18:38:48,413 - INFO - 件数: 47
2025-06-13 18:38:48,413 - INFO - [PubMed] 1/47 件目から取得開始
2025-06-13 18:38:52,590 - INFO - [PubMed] 累積取得件数: 5242
2025-06-13 18:38:52,590 - INFO - 📅 2021年08月 2期 (2021/08/16[PDAT] : 2021/08/31[PDAT])
2025-06-13 18:38:53,259 - INFO - 件数: 28
2025-06-13 18:38:53,259 - INFO - [PubMed] 1/28 件目から取得開始
2025-06-13 18:38:56,517 - INFO - [PubMed] 累積取得件数: 5270
2025-06-13 18:38:56,518 - INFO - 📅 2021年09月 1期 (2021/09/01[PDAT] : 2021/09/15[PDAT])
2025-06-13 18:38:57,200 - INFO - 件数: 42
2025-06-13 18:38:57,200 - INFO - [PubMed] 1/42 件目から取得開始
2025-06-13 18:39:01,033 - INFO - [PubMed] 累積取得件数: 5312
2025-06-13 18:39:01,033 - INFO - 📅 2021年09月 2期 (2021/09/16[PDAT] : 2021/09/30[PDAT])
2025-06-13 18:39:01,758 - INFO - 件数: 25
2025-06-13 18:39:01,758 - INFO - [PubMed] 1/25 件目から取得開始
2025-06-13 18:39:05,722 - INFO - [PubMed] 累積取得件数: 5337
2025-06-13 18:39:05,722 - INFO - 📅 2021年10月 1期 (2021/10/01[PDAT] : 2021/10/15[PDAT])
2025-06-13 18:39:06,469 - INFO - 件数: 51
2025-06-13 18:39:06,469 - INFO - [PubMed] 1/51 件目から取得開始
2025-06-13 18:39:10,281 - INFO - [PubMed] 累積取得件数: 5388
2025-06-13 18:39:10,281 - INFO - 📅 2021年10月 2期 (2021/10/16[PDAT] : 2021/10/31[PDAT])
2025-06-13 18:39:10,993 - INFO - 件数: 35
2025-06-13 18:39:10,994 - INFO - [PubMed] 1/35 件目から取得開始
2025-06-13 18:39:15,155 - INFO - [PubMed] 累積取得件数: 5422
2025-06-13 18:39:15,155 - INFO - 📅 2021年11月 1期 (2021/11/01[PDAT] : 2021/11/15[PDAT])
2025-06-13 18:39:15,806 - INFO - 件数: 35
2025-06-13 18:39:15,806 - INFO - [PubMed] 1/35 件目から取得開始
2025-06-13 18:39:19,856 - INFO - [PubMed] 累積取得件数: 5457
2025-06-13 18:39:19,856 - INFO - 📅 2021年11月 2期 (2021/11/16[PDAT] : 2021/11/30[PDAT])
2025-06-13 18:39:20,506 - INFO - 件数: 18
2025-06-13 18:39:20,506 - INFO - [PubMed] 1/18 件目から取得開始
2025-06-13 18:39:23,699 - INFO - [PubMed] 累積取得件数: 5475
2025-06-13 18:39:23,700 - INFO - 📅 2021年12月 1期 (2021/12/01[PDAT] : 2021/12/15[PDAT])
2025-06-13 18:39:24,343 - INFO - 件数: 41
2025-06-13 18:39:24,343 - INFO - [PubMed] 1/41 件目から取得開始
2025-06-13 18:39:27,844 - INFO - [PubMed] 累積取得件数: 5516
2025-06-13 18:39:27,845 - INFO - 📅 2021年12月 2期 (2021/12/16[PDAT] : 2021/12/31[PDAT])
2025-06-13 18:39:28,509 - INFO - 件数: 23
2025-06-13 18:39:28,509 - INFO - [PubMed] 1/23 件目から取得開始
2025-06-13 18:39:31,791 - INFO - [PubMed] 累積取得件数: 5539
2025-06-13 18:39:31,792 - INFO - 📅 2022年01月 1期 (2022/01/01[PDAT] : 2022/01/15[PDAT])
2025-06-13 18:39:32,433 - INFO - 件数: 179
2025-06-13 18:39:32,433 - INFO - [PubMed] 1/179 件目から取得開始
2025-06-13 18:39:37,181 - INFO - [PubMed] 累積取得件数: 5716
2025-06-13 18:39:37,181 - INFO - 📅 2022年01月 2期 (2022/01/16[PDAT] : 2022/01/31[PDAT])
2025-06-13 18:39:37,832 - INFO - 件数: 27
2025-06-13 18:39:37,833 - INFO - [PubMed] 1/27 件目から取得開始
2025-06-13 18:39:41,472 - INFO - [PubMed] 累積取得件数: 5743
2025-06-13 18:39:41,472 - INFO - 📅 2022年02月 1期 (2022/02/01[PDAT] : 2022/02/15[PDAT])
2025-06-13 18:39:42,114 - INFO - 件数: 33
2025-06-13 18:39:42,114 - INFO - [PubMed] 1/33 件目から取得開始
2025-06-13 18:39:45,592 - INFO - [PubMed] 累積取得件数: 5775
2025-06-13 18:39:45,592 - INFO - 📅 2022年02月 2期 (2022/02/16[PDAT] : 2022/02/28[PDAT])
2025-06-13 18:39:46,239 - INFO - 件数: 15
2025-06-13 18:39:46,240 - INFO - [PubMed] 1/15 件目から取得開始
2025-06-13 18:39:49,281 - INFO - [PubMed] 累積取得件数: 5790
2025-06-13 18:39:49,281 - INFO - 📅 2022年03月 1期 (2022/03/01[PDAT] : 2022/03/15[PDAT])
2025-06-13 18:39:49,935 - INFO - 件数: 35
2025-06-13 18:39:49,936 - INFO - [PubMed] 1/35 件目から取得開始
2025-06-13 18:39:53,506 - INFO - [PubMed] 累積取得件数: 5825
2025-06-13 18:39:53,506 - INFO - 📅 2022年03月 2期 (2022/03/16[PDAT] : 2022/03/31[PDAT])
2025-06-13 18:39:54,156 - INFO - 件数: 14
2025-06-13 18:39:54,157 - INFO - [PubMed] 1/14 件目から取得開始
2025-06-13 18:39:57,162 - INFO - [PubMed] 累積取得件数: 5839
2025-06-13 18:39:57,162 - INFO - 📅 2022年04月 1期 (2022/04/01[PDAT] : 2022/04/15[PDAT])
2025-06-13 18:39:57,829 - INFO - 件数: 34
2025-06-13 18:39:57,829 - INFO - [PubMed] 1/34 件目から取得開始
2025-06-13 18:40:01,276 - INFO - [PubMed] 累積取得件数: 5873
2025-06-13 18:40:01,276 - INFO - 📅 2022年04月 2期 (2022/04/16[PDAT] : 2022/04/30[PDAT])
2025-06-13 18:40:01,962 - INFO - 件数: 13
2025-06-13 18:40:01,962 - INFO - [PubMed] 1/13 件目から取得開始
2025-06-13 18:40:04,978 - INFO - [PubMed] 累積取得件数: 5886
2025-06-13 18:40:04,979 - INFO - 📅 2022年05月 1期 (2022/05/01[PDAT] : 2022/05/15[PDAT])
2025-06-13 18:40:05,628 - INFO - 件数: 38
2025-06-13 18:40:05,628 - INFO - [PubMed] 1/38 件目から取得開始
2025-06-13 18:40:09,222 - INFO - [PubMed] 累積取得件数: 5924
2025-06-13 18:40:09,222 - INFO - 📅 2022年05月 2期 (2022/05/16[PDAT] : 2022/05/31[PDAT])
2025-06-13 18:40:09,880 - INFO - 件数: 23
2025-06-13 18:40:09,880 - INFO - [PubMed] 1/23 件目から取得開始
2025-06-13 18:40:13,233 - INFO - [PubMed] 累積取得件数: 5947
2025-06-13 18:40:13,233 - INFO - 📅 2022年06月 1期 (2022/06/01[PDAT] : 2022/06/15[PDAT])
2025-06-13 18:40:13,901 - INFO - 件数: 42
2025-06-13 18:40:13,901 - INFO - [PubMed] 1/42 件目から取得開始
2025-06-13 18:40:17,400 - INFO - [PubMed] 累積取得件数: 5989
2025-06-13 18:40:17,401 - INFO - 📅 2022年06月 2期 (2022/06/16[PDAT] : 2022/06/30[PDAT])
2025-06-13 18:40:18,090 - INFO - 件数: 30
2025-06-13 18:40:18,091 - INFO - [PubMed] 1/30 件目から取得開始
2025-06-13 18:40:21,632 - INFO - [PubMed] 累積取得件数: 6019
2025-06-13 18:40:21,632 - INFO - 📅 2022年07月 1期 (2022/07/01[PDAT] : 2022/07/15[PDAT])
2025-06-13 18:40:22,270 - INFO - 件数: 49
2025-06-13 18:40:22,270 - INFO - [PubMed] 1/49 件目から取得開始
2025-06-13 18:40:26,207 - INFO - [PubMed] 累積取得件数: 6068
2025-06-13 18:40:26,207 - INFO - 📅 2022年07月 2期 (2022/07/16[PDAT] : 2022/07/31[PDAT])
2025-06-13 18:40:26,872 - INFO - 件数: 20
2025-06-13 18:40:26,872 - INFO - [PubMed] 1/20 件目から取得開始
2025-06-13 18:40:30,174 - INFO - [PubMed] 累積取得件数: 6087
2025-06-13 18:40:30,174 - INFO - 📅 2022年08月 1期 (2022/08/01[PDAT] : 2022/08/15[PDAT])
2025-06-13 18:40:30,860 - INFO - 件数: 25
2025-06-13 18:40:30,861 - INFO - [PubMed] 1/25 件目から取得開始
2025-06-13 18:40:34,358 - INFO - [PubMed] 累積取得件数: 6112
2025-06-13 18:40:34,358 - INFO - 📅 2022年08月 2期 (2022/08/16[PDAT] : 2022/08/31[PDAT])
2025-06-13 18:40:34,998 - INFO - 件数: 17
2025-06-13 18:40:34,999 - INFO - [PubMed] 1/17 件目から取得開始
2025-06-13 18:40:38,192 - INFO - [PubMed] 累積取得件数: 6129
2025-06-13 18:40:38,192 - INFO - 📅 2022年09月 1期 (2022/09/01[PDAT] : 2022/09/15[PDAT])
2025-06-13 18:40:38,883 - INFO - 件数: 40
2025-06-13 18:40:38,883 - INFO - [PubMed] 1/40 件目から取得開始
2025-06-13 18:40:42,413 - INFO - [PubMed] 累積取得件数: 6168
2025-06-13 18:40:42,413 - INFO - 📅 2022年09月 2期 (2022/09/16[PDAT] : 2022/09/30[PDAT])
2025-06-13 18:40:43,069 - INFO - 件数: 22
2025-06-13 18:40:43,070 - INFO - [PubMed] 1/22 件目から取得開始
2025-06-13 18:40:46,282 - INFO - [PubMed] 累積取得件数: 6190
2025-06-13 18:40:46,282 - INFO - 📅 2022年10月 1期 (2022/10/01[PDAT] : 2022/10/15[PDAT])
2025-06-13 18:40:46,929 - INFO - 件数: 39
2025-06-13 18:40:46,929 - INFO - [PubMed] 1/39 件目から取得開始
2025-06-13 18:40:50,900 - INFO - [PubMed] 累積取得件数: 6229
2025-06-13 18:40:50,901 - INFO - 📅 2022年10月 2期 (2022/10/16[PDAT] : 2022/10/31[PDAT])
2025-06-13 18:40:51,535 - INFO - 件数: 27
2025-06-13 18:40:51,535 - INFO - [PubMed] 1/27 件目から取得開始
2025-06-13 18:40:54,830 - INFO - [PubMed] 累積取得件数: 6256
2025-06-13 18:40:54,830 - INFO - 📅 2022年11月 1期 (2022/11/01[PDAT] : 2022/11/15[PDAT])
2025-06-13 18:40:55,480 - INFO - 件数: 34
2025-06-13 18:40:55,480 - INFO - [PubMed] 1/34 件目から取得開始
2025-06-13 18:40:59,109 - INFO - [PubMed] 累積取得件数: 6290
2025-06-13 18:40:59,109 - INFO - 📅 2022年11月 2期 (2022/11/16[PDAT] : 2022/11/30[PDAT])
2025-06-13 18:40:59,751 - INFO - 件数: 33
2025-06-13 18:40:59,751 - INFO - [PubMed] 1/33 件目から取得開始
2025-06-13 18:41:03,225 - INFO - [PubMed] 累積取得件数: 6322
2025-06-13 18:41:03,225 - INFO - 📅 2022年12月 1期 (2022/12/01[PDAT] : 2022/12/15[PDAT])
2025-06-13 18:41:03,868 - INFO - 件数: 39
2025-06-13 18:41:03,869 - INFO - [PubMed] 1/39 件目から取得開始
2025-06-13 18:41:07,843 - INFO - [PubMed] 累積取得件数: 6361
2025-06-13 18:41:07,844 - INFO - 📅 2022年12月 2期 (2022/12/16[PDAT] : 2022/12/31[PDAT])
2025-06-13 18:41:08,560 - INFO - 件数: 19
2025-06-13 18:41:08,560 - INFO - [PubMed] 1/19 件目から取得開始
2025-06-13 18:41:11,897 - INFO - [PubMed] 累積取得件数: 6380
2025-06-13 18:41:11,897 - INFO - 📅 2023年01月 1期 (2023/01/01[PDAT] : 2023/01/15[PDAT])
2025-06-13 18:41:12,556 - INFO - 件数: 121
2025-06-13 18:41:12,556 - INFO - [PubMed] 1/121 件目から取得開始
2025-06-13 18:41:16,908 - INFO - [PubMed] 累積取得件数: 6497
2025-06-13 18:41:16,908 - INFO - 📅 2023年01月 2期 (2023/01/16[PDAT] : 2023/01/31[PDAT])
2025-06-13 18:41:17,550 - INFO - 件数: 22
2025-06-13 18:41:17,550 - INFO - [PubMed] 1/22 件目から取得開始
2025-06-13 18:41:20,783 - INFO - [PubMed] 累積取得件数: 6519
2025-06-13 18:41:20,783 - INFO - 📅 2023年02月 1期 (2023/02/01[PDAT] : 2023/02/15[PDAT])
2025-06-13 18:41:21,424 - INFO - 件数: 31
2025-06-13 18:41:21,424 - INFO - [PubMed] 1/31 件目から取得開始
2025-06-13 18:41:24,922 - INFO - [PubMed] 累積取得件数: 6549
2025-06-13 18:41:24,922 - INFO - 📅 2023年02月 2期 (2023/02/16[PDAT] : 2023/02/28[PDAT])
2025-06-13 18:41:25,556 - INFO - 件数: 19
2025-06-13 18:41:25,557 - INFO - [PubMed] 1/19 件目から取得開始
2025-06-13 18:41:29,333 - INFO - [PubMed] 累積取得件数: 6567
2025-06-13 18:41:29,334 - INFO - 📅 2023年03月 1期 (2023/03/01[PDAT] : 2023/03/15[PDAT])
2025-06-13 18:41:29,976 - INFO - 件数: 42
2025-06-13 18:41:29,976 - INFO - [PubMed] 1/42 件目から取得開始
2025-06-13 18:41:33,423 - INFO - [PubMed] 累積取得件数: 6607
2025-06-13 18:41:33,423 - INFO - 📅 2023年03月 2期 (2023/03/16[PDAT] : 2023/03/31[PDAT])
2025-06-13 18:41:34,258 - INFO - 件数: 20
2025-06-13 18:41:34,258 - INFO - [PubMed] 1/20 件目から取得開始
2025-06-13 18:41:37,677 - INFO - [PubMed] 累積取得件数: 6627
2025-06-13 18:41:37,677 - INFO - 📅 2023年04月 1期 (2023/04/01[PDAT] : 2023/04/15[PDAT])
2025-06-13 18:41:38,326 - INFO - 件数: 35
2025-06-13 18:41:38,327 - INFO - [PubMed] 1/35 件目から取得開始
2025-06-13 18:41:41,979 - INFO - [PubMed] 累積取得件数: 6661
2025-06-13 18:41:41,979 - INFO - 📅 2023年04月 2期 (2023/04/16[PDAT] : 2023/04/30[PDAT])
2025-06-13 18:41:42,633 - INFO - 件数: 20
2025-06-13 18:41:42,634 - INFO - [PubMed] 1/20 件目から取得開始
2025-06-13 18:41:45,872 - INFO - [PubMed] 累積取得件数: 6681
2025-06-13 18:41:45,873 - INFO - 📅 2023年05月 1期 (2023/05/01[PDAT] : 2023/05/15[PDAT])
2025-06-13 18:41:46,523 - INFO - 件数: 30
2025-06-13 18:41:46,524 - INFO - [PubMed] 1/30 件目から取得開始
2025-06-13 18:41:49,945 - INFO - [PubMed] 累積取得件数: 6710
2025-06-13 18:41:49,946 - INFO - 📅 2023年05月 2期 (2023/05/16[PDAT] : 2023/05/31[PDAT])
2025-06-13 18:41:50,583 - INFO - 件数: 13
2025-06-13 18:41:50,583 - INFO - [PubMed] 1/13 件目から取得開始
2025-06-13 18:41:53,602 - INFO - [PubMed] 累積取得件数: 6723
2025-06-13 18:41:53,603 - INFO - 📅 2023年06月 1期 (2023/06/01[PDAT] : 2023/06/15[PDAT])
2025-06-13 18:41:54,270 - INFO - 件数: 42
2025-06-13 18:41:54,270 - INFO - [PubMed] 1/42 件目から取得開始
2025-06-13 18:41:58,086 - INFO - [PubMed] 累積取得件数: 6764
2025-06-13 18:41:58,086 - INFO - 📅 2023年06月 2期 (2023/06/16[PDAT] : 2023/06/30[PDAT])
2025-06-13 18:41:58,719 - INFO - 件数: 20
2025-06-13 18:41:58,719 - INFO - [PubMed] 1/20 件目から取得開始
2025-06-13 18:42:02,235 - INFO - [PubMed] 累積取得件数: 6784
2025-06-13 18:42:02,235 - INFO - 📅 2023年07月 1期 (2023/07/01[PDAT] : 2023/07/15[PDAT])
2025-06-13 18:42:02,897 - INFO - 件数: 42
2025-06-13 18:42:02,897 - INFO - [PubMed] 1/42 件目から取得開始
2025-06-13 18:42:06,466 - INFO - [PubMed] 累積取得件数: 6826
2025-06-13 18:42:06,467 - INFO - 📅 2023年07月 2期 (2023/07/16[PDAT] : 2023/07/31[PDAT])
2025-06-13 18:42:07,104 - INFO - 件数: 19
2025-06-13 18:42:07,104 - INFO - [PubMed] 1/19 件目から取得開始
2025-06-13 18:42:10,396 - INFO - [PubMed] 累積取得件数: 6845
2025-06-13 18:42:10,396 - INFO - 📅 2023年08月 1期 (2023/08/01[PDAT] : 2023/08/15[PDAT])
2025-06-13 18:42:11,056 - INFO - 件数: 31
2025-06-13 18:42:11,056 - INFO - [PubMed] 1/31 件目から取得開始
2025-06-13 18:42:14,488 - INFO - [PubMed] 累積取得件数: 6876
2025-06-13 18:42:14,488 - INFO - 📅 2023年08月 2期 (2023/08/16[PDAT] : 2023/08/31[PDAT])
2025-06-13 18:42:15,285 - INFO - 件数: 24
2025-06-13 18:42:15,286 - INFO - [PubMed] 1/24 件目から取得開始
2025-06-13 18:42:18,739 - INFO - [PubMed] 累積取得件数: 6900
2025-06-13 18:42:18,739 - INFO - 📅 2023年09月 1期 (2023/09/01[PDAT] : 2023/09/15[PDAT])
2025-06-13 18:42:19,426 - INFO - 件数: 41
2025-06-13 18:42:19,426 - INFO - [PubMed] 1/41 件目から取得開始
2025-06-13 18:42:22,970 - INFO - [PubMed] 累積取得件数: 6940
2025-06-13 18:42:22,970 - INFO - 📅 2023年09月 2期 (2023/09/16[PDAT] : 2023/09/30[PDAT])
2025-06-13 18:42:23,631 - INFO - 件数: 19
2025-06-13 18:42:23,631 - INFO - [PubMed] 1/19 件目から取得開始
2025-06-13 18:42:26,931 - INFO - [PubMed] 累積取得件数: 6959
2025-06-13 18:42:26,931 - INFO - 📅 2023年10月 1期 (2023/10/01[PDAT] : 2023/10/15[PDAT])
2025-06-13 18:42:27,597 - INFO - 件数: 46
2025-06-13 18:42:27,597 - INFO - [PubMed] 1/46 件目から取得開始
2025-06-13 18:42:31,342 - INFO - [PubMed] 累積取得件数: 7005
2025-06-13 18:42:31,343 - INFO - 📅 2023年10月 2期 (2023/10/16[PDAT] : 2023/10/31[PDAT])
2025-06-13 18:42:31,978 - INFO - 件数: 26
2025-06-13 18:42:31,978 - INFO - [PubMed] 1/26 件目から取得開始
2025-06-13 18:42:35,292 - INFO - [PubMed] 累積取得件数: 7030
2025-06-13 18:42:35,292 - INFO - 📅 2023年11月 1期 (2023/11/01[PDAT] : 2023/11/15[PDAT])
2025-06-13 18:42:35,934 - INFO - 件数: 42
2025-06-13 18:42:35,934 - INFO - [PubMed] 1/42 件目から取得開始
2025-06-13 18:42:39,638 - INFO - [PubMed] 累積取得件数: 7072
2025-06-13 18:42:39,638 - INFO - 📅 2023年11月 2期 (2023/11/16[PDAT] : 2023/11/30[PDAT])
2025-06-13 18:42:40,287 - INFO - 件数: 32
2025-06-13 18:42:40,287 - INFO - [PubMed] 1/32 件目から取得開始
2025-06-13 18:42:43,906 - INFO - [PubMed] 累積取得件数: 7104
2025-06-13 18:42:43,907 - INFO - 📅 2023年12月 1期 (2023/12/01[PDAT] : 2023/12/15[PDAT])
2025-06-13 18:42:44,564 - INFO - 件数: 40
2025-06-13 18:42:44,564 - INFO - [PubMed] 1/40 件目から取得開始
2025-06-13 18:42:48,124 - INFO - [PubMed] 累積取得件数: 7144
2025-06-13 18:42:48,124 - INFO - 📅 2023年12月 2期 (2023/12/16[PDAT] : 2023/12/31[PDAT])
2025-06-13 18:42:48,757 - INFO - 件数: 21
2025-06-13 18:42:48,757 - INFO - [PubMed] 1/21 件目から取得開始
2025-06-13 18:42:52,099 - INFO - [PubMed] 累積取得件数: 7165
2025-06-13 18:42:52,099 - INFO - 📅 2024年01月 1期 (2024/01/01[PDAT] : 2024/01/15[PDAT])
2025-06-13 18:42:52,754 - INFO - 件数: 120
2025-06-13 18:42:52,754 - INFO - [PubMed] 1/120 件目から取得開始
2025-06-13 18:42:57,109 - INFO - [PubMed] 累積取得件数: 7285
2025-06-13 18:42:57,109 - INFO - 📅 2024年01月 2期 (2024/01/16[PDAT] : 2024/01/31[PDAT])
2025-06-13 18:42:57,743 - INFO - 件数: 26
2025-06-13 18:42:57,743 - INFO - [PubMed] 1/26 件目から取得開始
2025-06-13 18:43:00,977 - INFO - [PubMed] 累積取得件数: 7310
2025-06-13 18:43:00,977 - INFO - 📅 2024年02月 1期 (2024/02/01[PDAT] : 2024/02/15[PDAT])
2025-06-13 18:43:01,611 - INFO - 件数: 40
2025-06-13 18:43:01,612 - INFO - [PubMed] 1/40 件目から取得開始
2025-06-13 18:43:05,033 - INFO - [PubMed] 累積取得件数: 7349
2025-06-13 18:43:05,033 - INFO - 📅 2024年02月 2期 (2024/02/16[PDAT] : 2024/02/29[PDAT])
2025-06-13 18:43:05,677 - INFO - 件数: 19
2025-06-13 18:43:05,677 - INFO - [PubMed] 1/19 件目から取得開始
2025-06-13 18:43:08,993 - INFO - [PubMed] 累積取得件数: 7368
2025-06-13 18:43:08,993 - INFO - 📅 2024年03月 1期 (2024/03/01[PDAT] : 2024/03/15[PDAT])
2025-06-13 18:43:09,627 - INFO - 件数: 45
2025-06-13 18:43:09,628 - INFO - [PubMed] 1/45 件目から取得開始
2025-06-13 18:43:13,480 - INFO - [PubMed] 累積取得件数: 7411
2025-06-13 18:43:13,480 - INFO - 📅 2024年03月 2期 (2024/03/16[PDAT] : 2024/03/31[PDAT])
2025-06-13 18:43:14,127 - INFO - 件数: 17
2025-06-13 18:43:14,127 - INFO - [PubMed] 1/17 件目から取得開始
2025-06-13 18:43:17,368 - INFO - [PubMed] 累積取得件数: 7427
2025-06-13 18:43:17,368 - INFO - 📅 2024年04月 1期 (2024/04/01[PDAT] : 2024/04/15[PDAT])
2025-06-13 18:43:18,009 - INFO - 件数: 34
2025-06-13 18:43:18,010 - INFO - [PubMed] 1/34 件目から取得開始
2025-06-13 18:43:21,274 - INFO - [PubMed] 累積取得件数: 7461
2025-06-13 18:43:21,274 - INFO - 📅 2024年04月 2期 (2024/04/16[PDAT] : 2024/04/30[PDAT])
2025-06-13 18:43:21,934 - INFO - 件数: 18
2025-06-13 18:43:21,935 - INFO - [PubMed] 1/18 件目から取得開始
2025-06-13 18:43:25,483 - INFO - [PubMed] 累積取得件数: 7478
2025-06-13 18:43:25,484 - INFO - 📅 2024年05月 1期 (2024/05/01[PDAT] : 2024/05/15[PDAT])
2025-06-13 18:43:26,155 - INFO - 件数: 28
2025-06-13 18:43:26,155 - INFO - [PubMed] 1/28 件目から取得開始
2025-06-13 18:43:29,657 - INFO - [PubMed] 累積取得件数: 7505
2025-06-13 18:43:29,657 - INFO - 📅 2024年05月 2期 (2024/05/16[PDAT] : 2024/05/31[PDAT])
2025-06-13 18:43:30,311 - INFO - 件数: 37
2025-06-13 18:43:30,311 - INFO - [PubMed] 1/37 件目から取得開始
2025-06-13 18:43:33,784 - INFO - [PubMed] 累積取得件数: 7542
2025-06-13 18:43:33,784 - INFO - 📅 2024年06月 1期 (2024/06/01[PDAT] : 2024/06/15[PDAT])
2025-06-13 18:43:34,450 - INFO - 件数: 56
2025-06-13 18:43:34,450 - INFO - [PubMed] 1/56 件目から取得開始
2025-06-13 18:43:38,191 - INFO - [PubMed] 累積取得件数: 7597
2025-06-13 18:43:38,191 - INFO - 📅 2024年06月 2期 (2024/06/16[PDAT] : 2024/06/30[PDAT])
2025-06-13 18:43:38,849 - INFO - 件数: 25
2025-06-13 18:43:38,849 - INFO - [PubMed] 1/25 件目から取得開始
2025-06-13 18:43:42,161 - INFO - [PubMed] 累積取得件数: 7622
2025-06-13 18:43:42,162 - INFO - 📅 2024年07月 1期 (2024/07/01[PDAT] : 2024/07/15[PDAT])
2025-06-13 18:43:42,802 - INFO - 件数: 43
2025-06-13 18:43:42,802 - INFO - [PubMed] 1/43 件目から取得開始
2025-06-13 18:43:46,117 - INFO - [PubMed] 累積取得件数: 7664
2025-06-13 18:43:46,117 - INFO - 📅 2024年07月 2期 (2024/07/16[PDAT] : 2024/07/31[PDAT])
2025-06-13 18:43:46,785 - INFO - 件数: 31
2025-06-13 18:43:46,785 - INFO - [PubMed] 1/31 件目から取得開始
2025-06-13 18:43:50,111 - INFO - [PubMed] 累積取得件数: 7695
2025-06-13 18:43:50,111 - INFO - 📅 2024年08月 1期 (2024/08/01[PDAT] : 2024/08/15[PDAT])
2025-06-13 18:43:55,752 - INFO - 件数: 44
2025-06-13 18:43:55,753 - INFO - [PubMed] 1/44 件目から取得開始
2025-06-13 18:43:59,710 - INFO - [PubMed] 累積取得件数: 7738
2025-06-13 18:43:59,710 - INFO - 📅 2024年08月 2期 (2024/08/16[PDAT] : 2024/08/31[PDAT])
2025-06-13 18:44:00,357 - INFO - 件数: 20
2025-06-13 18:44:00,357 - INFO - [PubMed] 1/20 件目から取得開始
2025-06-13 18:44:03,859 - INFO - [PubMed] 累積取得件数: 7758
2025-06-13 18:44:03,859 - INFO - 📅 2024年09月 1期 (2024/09/01[PDAT] : 2024/09/15[PDAT])
2025-06-13 18:44:04,501 - INFO - 件数: 40
2025-06-13 18:44:04,501 - INFO - [PubMed] 1/40 件目から取得開始
2025-06-13 18:44:07,864 - INFO - [PubMed] 累積取得件数: 7795
2025-06-13 18:44:07,864 - INFO - 📅 2024年09月 2期 (2024/09/16[PDAT] : 2024/09/30[PDAT])
2025-06-13 18:44:08,531 - INFO - 件数: 33
2025-06-13 18:44:08,531 - INFO - [PubMed] 1/33 件目から取得開始
2025-06-13 18:44:12,048 - INFO - [PubMed] 累積取得件数: 7828
2025-06-13 18:44:12,048 - INFO - 📅 2024年10月 1期 (2024/10/01[PDAT] : 2024/10/15[PDAT])
2025-06-13 18:44:12,692 - INFO - 件数: 44
2025-06-13 18:44:12,692 - INFO - [PubMed] 1/44 件目から取得開始
2025-06-13 18:44:16,404 - INFO - [PubMed] 累積取得件数: 7872
2025-06-13 18:44:16,405 - INFO - 📅 2024年10月 2期 (2024/10/16[PDAT] : 2024/10/31[PDAT])
2025-06-13 18:44:17,034 - INFO - 件数: 35
2025-06-13 18:44:17,034 - INFO - [PubMed] 1/35 件目から取得開始
2025-06-13 18:44:20,751 - INFO - [PubMed] 累積取得件数: 7906
2025-06-13 18:44:20,751 - INFO - 📅 2024年11月 1期 (2024/11/01[PDAT] : 2024/11/15[PDAT])
2025-06-13 18:44:21,615 - INFO - 件数: 52
2025-06-13 18:44:21,615 - INFO - [PubMed] 1/52 件目から取得開始
2025-06-13 18:44:25,450 - INFO - [PubMed] 累積取得件数: 7955
2025-06-13 18:44:25,450 - INFO - 📅 2024年11月 2期 (2024/11/16[PDAT] : 2024/11/30[PDAT])
2025-06-13 18:44:26,110 - INFO - 件数: 26
2025-06-13 18:44:26,110 - INFO - [PubMed] 1/26 件目から取得開始
2025-06-13 18:44:29,432 - INFO - [PubMed] 累積取得件数: 7981
2025-06-13 18:44:29,432 - INFO - 📅 2024年12月 1期 (2024/12/01[PDAT] : 2024/12/15[PDAT])
2025-06-13 18:44:30,070 - INFO - 件数: 57
2025-06-13 18:44:30,071 - INFO - [PubMed] 1/57 件目から取得開始
2025-06-13 18:44:33,623 - INFO - [PubMed] 累積取得件数: 8037
2025-06-13 18:44:33,624 - INFO - 📅 2024年12月 2期 (2024/12/16[PDAT] : 2024/12/31[PDAT])
2025-06-13 18:44:34,266 - INFO - 件数: 32
2025-06-13 18:44:34,266 - INFO - [PubMed] 1/32 件目から取得開始
2025-06-13 18:44:37,823 - INFO - [PubMed] 累積取得件数: 8069
2025-06-13 18:44:37,823 - INFO - 📅 2025年01月 1期 (2025/01/01[PDAT] : 2025/01/15[PDAT])
2025-06-13 18:44:38,485 - INFO - 件数: 83
2025-06-13 18:44:38,485 - INFO - [PubMed] 1/83 件目から取得開始
2025-06-13 18:44:42,564 - INFO - [PubMed] 累積取得件数: 8150
2025-06-13 18:44:42,564 - INFO - 📅 2025年01月 2期 (2025/01/16[PDAT] : 2025/01/31[PDAT])
2025-06-13 18:44:43,227 - INFO - 件数: 30
2025-06-13 18:44:43,227 - INFO - [PubMed] 1/30 件目から取得開始
2025-06-13 18:44:46,692 - INFO - [PubMed] 累積取得件数: 8179
2025-06-13 18:44:46,693 - INFO - 📅 2025年02月 1期 (2025/02/01[PDAT] : 2025/02/15[PDAT])
2025-06-13 18:44:47,339 - INFO - 件数: 41
2025-06-13 18:44:47,339 - INFO - [PubMed] 1/41 件目から取得開始
2025-06-13 18:44:50,886 - INFO - [PubMed] 累積取得件数: 8220
2025-06-13 18:44:50,886 - INFO - 📅 2025年02月 2期 (2025/02/16[PDAT] : 2025/02/28[PDAT])
2025-06-13 18:44:51,536 - INFO - 件数: 39
2025-06-13 18:44:51,537 - INFO - [PubMed] 1/39 件目から取得開始
2025-06-13 18:44:55,302 - INFO - [PubMed] 累積取得件数: 8259
2025-06-13 18:44:55,302 - INFO - 📅 2025年03月 1期 (2025/03/01[PDAT] : 2025/03/15[PDAT])
2025-06-13 18:44:56,078 - INFO - 件数: 54
2025-06-13 18:44:56,078 - INFO - [PubMed] 1/54 件目から取得開始
2025-06-13 18:45:00,054 - INFO - [PubMed] 累積取得件数: 8313
2025-06-13 18:45:00,054 - INFO - 📅 2025年03月 2期 (2025/03/16[PDAT] : 2025/03/31[PDAT])
2025-06-13 18:45:00,729 - INFO - 件数: 28
2025-06-13 18:45:00,729 - INFO - [PubMed] 1/28 件目から取得開始
2025-06-13 18:45:04,298 - INFO - [PubMed] 累積取得件数: 8340
2025-06-13 18:45:04,299 - INFO - 📅 2025年04月 1期 (2025/04/01[PDAT] : 2025/04/15[PDAT])
2025-06-13 18:45:04,991 - INFO - 件数: 49
2025-06-13 18:45:04,991 - INFO - [PubMed] 1/49 件目から取得開始
2025-06-13 18:45:08,702 - INFO - [PubMed] 累積取得件数: 8388
2025-06-13 18:45:08,702 - INFO - 📅 2025年04月 2期 (2025/04/16[PDAT] : 2025/04/30[PDAT])
2025-06-13 18:45:09,338 - INFO - 件数: 28
2025-06-13 18:45:09,339 - INFO - [PubMed] 1/28 件目から取得開始
2025-06-13 18:45:13,469 - INFO - [PubMed] 累積取得件数: 8416
2025-06-13 18:45:13,469 - INFO - 📅 2025年05月 1期 (2025/05/01[PDAT] : 2025/05/15[PDAT])
2025-06-13 18:45:14,111 - INFO - 件数: 38
2025-06-13 18:45:14,111 - INFO - [PubMed] 1/38 件目から取得開始
2025-06-13 18:45:17,985 - INFO - [PubMed] 累積取得件数: 8454
2025-06-13 18:45:17,985 - INFO - 📅 2025年05月 2期 (2025/05/16[PDAT] : 2025/05/31[PDAT])
2025-06-13 18:45:18,640 - INFO - 件数: 19
2025-06-13 18:45:18,640 - INFO - [PubMed] 1/19 件目から取得開始
2025-06-13 18:45:21,892 - INFO - [PubMed] 累積取得件数: 8473
2025-06-13 18:45:21,893 - INFO - 📅 2025年06月 1期 (2025/06/01[PDAT] : 2025/06/13[PDAT])
2025-06-13 18:45:22,524 - INFO - 件数: 21
2025-06-13 18:45:22,525 - INFO - [PubMed] 1/21 件目から取得開始
2025-06-13 18:45:25,502 - INFO - [PubMed] 累積取得件数: 8494
2025-06-13 18:45:25,502 - INFO - [PubMed] 全期間の総取得件数: 8494
2025-06-13 18:45:27,326 - INFO - 保存完了とCSV出力終了
